

================================================================
== Vivado HLS Report for 'aes16_bidir'
================================================================
* Date:           Sat Jan 23 21:09:29 2021

* Version:        2019.1 (Build 2552052 on Fri May 24 15:28:33 MDT 2019)
* Project:        aes_hls_prj
* Solution:       sol3
* Product family: spartan7
* Target device:  xc7s15-ftgb196-2


================================================================
== Performance Estimates
================================================================
+ Timing (ns): 
    * Summary: 
    +--------+--------+----------+------------+
    |  Clock | Target | Estimated| Uncertainty|
    +--------+--------+----------+------------+
    |ap_clk  |  100.00|     6.337|       12.50|
    +--------+--------+----------+------------+

+ Latency (clock cycles): 
    * Summary: 
    +-----+-----+-----+-----+---------+
    |  Latency  |  Interval | Pipeline|
    | min | max | min | max |   Type  |
    +-----+-----+-----+-----+---------+
    |  951|  983|  951|  983|   none  |
    +-----+-----+-----+-----+---------+

    + Detail: 
        * Instance: 
        +---------------------------------+----------------------+-----+-----+-----+-----+---------+
        |                                 |                      |  Latency  |  Interval | Pipeline|
        |             Instance            |        Module        | min | max | min | max |   Type  |
        +---------------------------------+----------------------+-----+-----+-----+-----+---------+
        |grp_KeyExpansion_fu_394          |KeyExpansion          |   88|   88|   88|   88|   none  |
        |grp_AES_CTR_xcrypt_buffe_fu_402  |AES_CTR_xcrypt_buffe  |  790|  822|  790|  822|   none  |
        +---------------------------------+----------------------+-----+-----+-----+-----+---------+

        * Loop: 
        +-------------+-----+-----+----------+-----------+-----------+------+----------+
        |             |  Latency  | Iteration|  Initiation Interval  | Trip |          |
        |  Loop Name  | min | max |  Latency |  achieved |   target  | Count| Pipelined|
        +-------------+-----+-----+----------+-----------+-----------+------+----------+
        |- Loop 1     |   24|   24|         6|          -|          -|     4|    no    |
        | + Loop 1.1  |    4|    4|         1|          -|          -|     4|    no    |
        |- Loop 2     |   32|   32|         2|          -|          -|    16|    no    |
        |- Loop 3     |   12|   12|         3|          -|          -|     4|    no    |
        +-------------+-----+-----+----------+-----------+-----------+------+----------+



================================================================
== Utilization Estimates
================================================================
* Summary: 
+-----------------+---------+-------+-------+------+-----+
|       Name      | BRAM_18K| DSP48E|   FF  |  LUT | URAM|
+-----------------+---------+-------+-------+------+-----+
|DSP              |        -|      -|      -|     -|    -|
|Expression       |        -|      -|      0|   369|    -|
|FIFO             |        -|      -|      -|     -|    -|
|Instance         |        3|      -|   1735|  6765|    0|
|Memory           |        2|      -|     48|     6|    0|
|Multiplexer      |        -|      -|      -|   494|    -|
|Register         |        -|      -|    176|     -|    -|
+-----------------+---------+-------+-------+------+-----+
|Total            |        5|      0|   1959|  7634|    0|
+-----------------+---------+-------+-------+------+-----+
|Available        |       20|     20|  16000|  8000|    0|
+-----------------+---------+-------+-------+------+-----+
|Utilization (%)  |       25|      0|     12|    95|    0|
+-----------------+---------+-------+-------+------+-----+

+ Detail: 
    * Instance: 
    +---------------------------------+---------------------------+---------+-------+------+------+-----+
    |             Instance            |           Module          | BRAM_18K| DSP48E|  FF  |  LUT | URAM|
    +---------------------------------+---------------------------+---------+-------+------+------+-----+
    |grp_AES_CTR_xcrypt_buffe_fu_402  |AES_CTR_xcrypt_buffe       |        2|      0|   694|  3158|    0|
    |grp_KeyExpansion_fu_394          |KeyExpansion               |        1|      0|  1041|  3544|    0|
    |aes16_bidir_mux_42_32_1_1_U15    |aes16_bidir_mux_42_32_1_1  |        0|      0|     0|    21|    0|
    |aes16_bidir_mux_42_32_1_1_U16    |aes16_bidir_mux_42_32_1_1  |        0|      0|     0|    21|    0|
    |aes16_bidir_mux_42_32_1_1_U17    |aes16_bidir_mux_42_32_1_1  |        0|      0|     0|    21|    0|
    +---------------------------------+---------------------------+---------+-------+------+------+-----+
    |Total                            |                           |        3|      0|  1735|  6765|    0|
    +---------------------------------+---------------------------+---------+-------+------+------+-----+

    * DSP48E: 
    N/A

    * Memory: 
    +----------------+-----------------------------+---------+----+----+-----+------+-----+------+-------------+
    |     Memory     |            Module           | BRAM_18K| FF | LUT| URAM| Words| Bits| Banks| W*Bits*Banks|
    +----------------+-----------------------------+---------+----+----+-----+------+-----+------+-------------+
    |p_key_U         |AES_CTR_xcrypt_buffe_buffer  |        0|  16|   2|    0|    16|    8|     1|          128|
    |ctx_Iv_U        |AES_CTR_xcrypt_buffe_buffer  |        0|  16|   2|    0|    16|    8|     1|          128|
    |p_text_U        |AES_CTR_xcrypt_buffe_x       |        1|   0|   0|    0|    16|    8|     1|          128|
    |ctx_RoundKey_U  |aes16_bidir_ctx_RoundKey     |        1|   0|   0|    0|   176|    8|     1|         1408|
    |p_iv_U          |aes16_bidir_p_iv             |        0|  16|   2|    0|    16|    8|     1|          128|
    +----------------+-----------------------------+---------+----+----+-----+------+-----+------+-------------+
    |Total           |                             |        2|  48|   6|    0|   240|   40|     5|         1920|
    +----------------+-----------------------------+---------+----+----+-----+------+-----+------+-------------+

    * FIFO: 
    N/A

    * Expression: 
    +----------------------+----------+-------+---+----+------------+------------+
    |     Variable Name    | Operation| DSP48E| FF| LUT| Bitwidth P0| Bitwidth P1|
    +----------------------+----------+-------+---+----+------------+------------+
    |add_ln25_fu_519_p2    |     +    |      0|  0|  13|           4|           4|
    |i_2_fu_417_p2         |     +    |      0|  0|  12|           3|           1|
    |i_fu_574_p2           |     +    |      0|  0|  12|           3|           1|
    |k_1_fu_487_p2         |     +    |      0|  0|  12|           3|           1|
    |k_fu_557_p2           |     +    |      0|  0|  15|           5|           1|
    |icmp_ln23_fu_411_p2   |   icmp   |      0|  0|   9|           3|           4|
    |icmp_ln249_fu_551_p2  |   icmp   |      0|  0|  11|           5|           6|
    |icmp_ln24_fu_481_p2   |   icmp   |      0|  0|   9|           3|           4|
    |icmp_ln54_fu_568_p2   |   icmp   |      0|  0|   9|           3|           4|
    |lshr_ln25_fu_509_p2   |   lshr   |      0|  0|  85|          32|          32|
    |lshr_ln26_fu_531_p2   |   lshr   |      0|  0|  85|          32|          32|
    |lshr_ln27_fu_541_p2   |   lshr   |      0|  0|  85|          32|          32|
    |or_ln55_1_fu_604_p2   |    or    |      0|  0|   4|           4|           2|
    |or_ln55_2_fu_616_p2   |    or    |      0|  0|   4|           4|           1|
    |or_ln55_fu_592_p2     |    or    |      0|  0|   4|           4|           2|
    +----------------------+----------+-------+---+----+------------+------------+
    |Total                 |          |      0|  0| 369|         140|         127|
    +----------------------+----------+-------+---+----+------------+------------+

    * Multiplexer: 
    +-----------------------+----+-----------+-----+-----------+
    |          Name         | LUT| Input Size| Bits| Total Bits|
    +-----------------------+----+-----------+-----+-----------+
    |ap_NS_fsm              |  50|         11|    1|         11|
    |ctx_Iv_address0        |  27|          5|    4|         20|
    |ctx_Iv_address1        |  15|          3|    4|         12|
    |ctx_Iv_ce0             |  15|          3|    1|          3|
    |ctx_Iv_d0              |  15|          3|    8|         24|
    |ctx_Iv_we0             |  15|          3|    1|          3|
    |ctx_RoundKey_address0  |  15|          3|    8|         24|
    |ctx_RoundKey_address1  |  15|          3|    8|         24|
    |ctx_RoundKey_ce0       |  15|          3|    1|          3|
    |ctx_RoundKey_ce1       |  15|          3|    1|          3|
    |ctx_RoundKey_we0       |   9|          2|    1|          2|
    |ctx_RoundKey_we1       |   9|          2|    1|          2|
    |i_0_reg_350            |   9|          2|    3|          6|
    |i_1_reg_383            |   9|          2|    3|          6|
    |inout_0_o              |   9|          2|   32|         64|
    |inout_1_o              |   9|          2|   32|         64|
    |inout_2_o              |   9|          2|   32|         64|
    |inout_3_o              |   9|          2|   32|         64|
    |iv_0_o                 |   9|          2|   32|         64|
    |iv_1_o                 |   9|          2|   32|         64|
    |iv_2_o                 |   9|          2|   32|         64|
    |iv_3_o                 |   9|          2|   32|         64|
    |k_0_i_reg_372          |   9|          2|    5|         10|
    |k_0_reg_361            |   9|          2|    3|          6|
    |p_iv_address0          |  15|          3|    4|         12|
    |p_key_address0         |  15|          3|    4|         12|
    |p_key_ce0              |  15|          3|    1|          3|
    |p_key_ce1              |   9|          2|    1|          2|
    |p_text_address0        |  27|          5|    4|         20|
    |p_text_address1        |  21|          4|    4|         16|
    |p_text_ce0             |  15|          3|    1|          3|
    |p_text_ce1             |  15|          3|    1|          3|
    |p_text_d0              |  15|          3|    8|         24|
    |p_text_we0             |  15|          3|    1|          3|
    |p_text_we1             |   9|          2|    1|          2|
    +-----------------------+----+-----------+-----+-----------+
    |Total                  | 494|        102|  339|        771|
    +-----------------------+----+-----------+-----+-----------+

    * Register: 
    +----------------------------------------------+----+----+-----+-----------+
    |                     Name                     | FF | LUT| Bits| Const Bits|
    +----------------------------------------------+----+----+-----+-----------+
    |ap_CS_fsm                                     |  10|   0|   10|          0|
    |ctx_Iv_load_1_reg_777                         |   8|   0|    8|          0|
    |ctx_Iv_load_reg_772                           |   8|   0|    8|          0|
    |grp_AES_CTR_xcrypt_buffe_fu_402_ap_start_reg  |   1|   0|    1|          0|
    |grp_KeyExpansion_fu_394_ap_start_reg          |   1|   0|    1|          0|
    |i_0_reg_350                                   |   3|   0|    3|          0|
    |i_1_reg_383                                   |   3|   0|    3|          0|
    |i_2_reg_663                                   |   3|   0|    3|          0|
    |i_reg_717                                     |   3|   0|    3|          0|
    |k_0_i_reg_372                                 |   5|   0|    5|          0|
    |k_0_reg_361                                   |   3|   0|    3|          0|
    |k_reg_699                                     |   5|   0|    5|          0|
    |p_text_load_1_reg_757                         |   8|   0|    8|          0|
    |p_text_load_reg_752                           |   8|   0|    8|          0|
    |shl_ln1_reg_726                               |   2|   0|    4|          2|
    |shl_ln25_1_reg_673                            |   2|   0|    4|          2|
    |tmp_1_reg_678                                 |  32|   0|   32|          0|
    |tmp_2_reg_683                                 |  32|   0|   32|          0|
    |tmp_reg_668                                   |  32|   0|   32|          0|
    |trunc_ln55_reg_722                            |   2|   0|    2|          0|
    |zext_ln249_reg_704                            |   5|   0|   64|         59|
    +----------------------------------------------+----+----+-----+-----------+
    |Total                                         | 176|   0|  239|         63|
    +----------------------------------------------+----+----+-----+-----------+



================================================================
== Interface
================================================================
* Summary: 
+------------------+-----+-----+------------+--------------+--------------+
|     RTL Ports    | Dir | Bits|  Protocol  | Source Object|    C Type    |
+------------------+-----+-----+------------+--------------+--------------+
|ap_clk            |  in |    1| ap_ctrl_hs |  aes16_bidir | return value |
|ap_rst            |  in |    1| ap_ctrl_hs |  aes16_bidir | return value |
|ap_start          |  in |    1| ap_ctrl_hs |  aes16_bidir | return value |
|ap_done           | out |    1| ap_ctrl_hs |  aes16_bidir | return value |
|ap_idle           | out |    1| ap_ctrl_hs |  aes16_bidir | return value |
|ap_ready          | out |    1| ap_ctrl_hs |  aes16_bidir | return value |
|key_0             |  in |   32|   ap_none  |     key_0    |    pointer   |
|key_1             |  in |   32|   ap_none  |     key_1    |    pointer   |
|key_2             |  in |   32|   ap_none  |     key_2    |    pointer   |
|key_3             |  in |   32|   ap_none  |     key_3    |    pointer   |
|inout_0_i         |  in |   32|   ap_ovld  |    inout_0   |    pointer   |
|inout_0_o         | out |   32|   ap_ovld  |    inout_0   |    pointer   |
|inout_0_o_ap_vld  | out |    1|   ap_ovld  |    inout_0   |    pointer   |
|inout_1_i         |  in |   32|   ap_ovld  |    inout_1   |    pointer   |
|inout_1_o         | out |   32|   ap_ovld  |    inout_1   |    pointer   |
|inout_1_o_ap_vld  | out |    1|   ap_ovld  |    inout_1   |    pointer   |
|inout_2_i         |  in |   32|   ap_ovld  |    inout_2   |    pointer   |
|inout_2_o         | out |   32|   ap_ovld  |    inout_2   |    pointer   |
|inout_2_o_ap_vld  | out |    1|   ap_ovld  |    inout_2   |    pointer   |
|inout_3_i         |  in |   32|   ap_ovld  |    inout_3   |    pointer   |
|inout_3_o         | out |   32|   ap_ovld  |    inout_3   |    pointer   |
|inout_3_o_ap_vld  | out |    1|   ap_ovld  |    inout_3   |    pointer   |
|iv_0_i            |  in |   32|   ap_ovld  |     iv_0     |    pointer   |
|iv_0_o            | out |   32|   ap_ovld  |     iv_0     |    pointer   |
|iv_0_o_ap_vld     | out |    1|   ap_ovld  |     iv_0     |    pointer   |
|iv_1_i            |  in |   32|   ap_ovld  |     iv_1     |    pointer   |
|iv_1_o            | out |   32|   ap_ovld  |     iv_1     |    pointer   |
|iv_1_o_ap_vld     | out |    1|   ap_ovld  |     iv_1     |    pointer   |
|iv_2_i            |  in |   32|   ap_ovld  |     iv_2     |    pointer   |
|iv_2_o            | out |   32|   ap_ovld  |     iv_2     |    pointer   |
|iv_2_o_ap_vld     | out |    1|   ap_ovld  |     iv_2     |    pointer   |
|iv_3_i            |  in |   32|   ap_ovld  |     iv_3     |    pointer   |
|iv_3_o            | out |   32|   ap_ovld  |     iv_3     |    pointer   |
|iv_3_o_ap_vld     | out |    1|   ap_ovld  |     iv_3     |    pointer   |
+------------------+-----+-----+------------+--------------+--------------+

