

================================================================
== Vivado HLS Report for 'SubBytes'
================================================================
* Date:           Sat Jan 23 11:19:13 2021

* Version:        2019.1 (Build 2552052 on Fri May 24 15:28:33 MDT 2019)
* Project:        aes_hls_prj
* Solution:       sol2
* Product family: spartan7
* Target device:  xc7s15-ftgb196-2


================================================================
== Performance Estimates
================================================================
+ Timing (ns): 
    * Summary: 
    +--------+--------+----------+------------+
    |  Clock | Target | Estimated| Uncertainty|
    +--------+--------+----------+------------+
    |ap_clk  |  100.00|     2.771|       12.50|
    +--------+--------+----------+------------+

+ Latency (clock cycles): 
    * Summary: 
    +-----+-----+-----+-----+----------+
    |  Latency  |  Interval | Pipeline |
    | min | max | min | max |   Type   |
    +-----+-----+-----+-----+----------+
    |    1|    1|    1|    1| function |
    +-----+-----+-----+-----+----------+

    + Detail: 
        * Instance: 
        N/A

        * Loop: 
        N/A

============================================================
+ Verbose Summary: Synthesis Manager
============================================================
InlineROM: 1
ExposeGlobal: 0
============================================================
+ Verbose Summary: CDFG Model
============================================================
IsTopModel: 0
ResetActiveHigh: 1
IsCombinational: 0
IsDatapathOnly: 0
HasWiredReturn: 1
HasMFsm: 2
HasVarLatency: 0
IsPipeline: 1
IsRtlPipelined: 1
IsInstanceOverlapped: 0
IsDontTouch: 0
HasImplIP: 0
IsGatedGlobalClock: 0

+ Individual pipeline summary: 
  * Pipeline-0: initiation interval (II) = 1, depth = 2


============================================================
+ Verbose Summary: Schedule
============================================================
* Number of FSM states : 2
* Pipeline : 1
  Pipeline-0 : II = 1, D = 2, States = { 1 2 }
* Dataflow Pipeline: 0

* FSM state transitions: 
1 --> 2 
2 --> 

* FSM state operations: 

State 1 <SV = 0> <Delay = 2.77>
ST_1 : Operation 3 [1/1] (0.00ns)   --->   "%state_3_3_read_1 = call i8 @_ssdm_op_Read.ap_auto.i8(i8 %state_3_3_read)" [c_src/aes.c:272]   --->   Operation 3 'read' 'state_3_3_read_1' <Predicate = true> <Delay = 0.00>
ST_1 : Operation 4 [1/1] (0.00ns)   --->   "%state_3_2_read_1 = call i8 @_ssdm_op_Read.ap_auto.i8(i8 %state_3_2_read)" [c_src/aes.c:272]   --->   Operation 4 'read' 'state_3_2_read_1' <Predicate = true> <Delay = 0.00>
ST_1 : Operation 5 [1/1] (0.00ns)   --->   "%state_3_1_read_1 = call i8 @_ssdm_op_Read.ap_auto.i8(i8 %state_3_1_read)" [c_src/aes.c:272]   --->   Operation 5 'read' 'state_3_1_read_1' <Predicate = true> <Delay = 0.00>
ST_1 : Operation 6 [1/1] (0.00ns)   --->   "%state_3_0_read_1 = call i8 @_ssdm_op_Read.ap_auto.i8(i8 %state_3_0_read)" [c_src/aes.c:272]   --->   Operation 6 'read' 'state_3_0_read_1' <Predicate = true> <Delay = 0.00>
ST_1 : Operation 7 [1/1] (0.00ns)   --->   "%state_2_3_read_1 = call i8 @_ssdm_op_Read.ap_auto.i8(i8 %state_2_3_read)" [c_src/aes.c:272]   --->   Operation 7 'read' 'state_2_3_read_1' <Predicate = true> <Delay = 0.00>
ST_1 : Operation 8 [1/1] (0.00ns)   --->   "%state_2_2_read_1 = call i8 @_ssdm_op_Read.ap_auto.i8(i8 %state_2_2_read)" [c_src/aes.c:272]   --->   Operation 8 'read' 'state_2_2_read_1' <Predicate = true> <Delay = 0.00>
ST_1 : Operation 9 [1/1] (0.00ns)   --->   "%state_2_1_read_1 = call i8 @_ssdm_op_Read.ap_auto.i8(i8 %state_2_1_read)" [c_src/aes.c:272]   --->   Operation 9 'read' 'state_2_1_read_1' <Predicate = true> <Delay = 0.00>
ST_1 : Operation 10 [1/1] (0.00ns)   --->   "%state_2_0_read_1 = call i8 @_ssdm_op_Read.ap_auto.i8(i8 %state_2_0_read)" [c_src/aes.c:272]   --->   Operation 10 'read' 'state_2_0_read_1' <Predicate = true> <Delay = 0.00>
ST_1 : Operation 11 [1/1] (0.00ns)   --->   "%state_1_3_read_1 = call i8 @_ssdm_op_Read.ap_auto.i8(i8 %state_1_3_read)" [c_src/aes.c:272]   --->   Operation 11 'read' 'state_1_3_read_1' <Predicate = true> <Delay = 0.00>
ST_1 : Operation 12 [1/1] (0.00ns)   --->   "%state_1_2_read_1 = call i8 @_ssdm_op_Read.ap_auto.i8(i8 %state_1_2_read)" [c_src/aes.c:272]   --->   Operation 12 'read' 'state_1_2_read_1' <Predicate = true> <Delay = 0.00>
ST_1 : Operation 13 [1/1] (0.00ns)   --->   "%state_1_1_read_1 = call i8 @_ssdm_op_Read.ap_auto.i8(i8 %state_1_1_read)" [c_src/aes.c:272]   --->   Operation 13 'read' 'state_1_1_read_1' <Predicate = true> <Delay = 0.00>
ST_1 : Operation 14 [1/1] (0.00ns)   --->   "%state_1_0_read_1 = call i8 @_ssdm_op_Read.ap_auto.i8(i8 %state_1_0_read)" [c_src/aes.c:272]   --->   Operation 14 'read' 'state_1_0_read_1' <Predicate = true> <Delay = 0.00>
ST_1 : Operation 15 [1/1] (0.00ns)   --->   "%state_0_3_read_1 = call i8 @_ssdm_op_Read.ap_auto.i8(i8 %state_0_3_read)" [c_src/aes.c:272]   --->   Operation 15 'read' 'state_0_3_read_1' <Predicate = true> <Delay = 0.00>
ST_1 : Operation 16 [1/1] (0.00ns)   --->   "%state_0_2_read_1 = call i8 @_ssdm_op_Read.ap_auto.i8(i8 %state_0_2_read)" [c_src/aes.c:272]   --->   Operation 16 'read' 'state_0_2_read_1' <Predicate = true> <Delay = 0.00>
ST_1 : Operation 17 [1/1] (0.00ns)   --->   "%state_0_1_read_1 = call i8 @_ssdm_op_Read.ap_auto.i8(i8 %state_0_1_read)" [c_src/aes.c:272]   --->   Operation 17 'read' 'state_0_1_read_1' <Predicate = true> <Delay = 0.00>
ST_1 : Operation 18 [1/1] (0.00ns)   --->   "%state_0_0_read_1 = call i8 @_ssdm_op_Read.ap_auto.i8(i8 %state_0_0_read)" [c_src/aes.c:272]   --->   Operation 18 'read' 'state_0_0_read_1' <Predicate = true> <Delay = 0.00>
ST_1 : Operation 19 [1/1] (0.00ns)   --->   "%zext_ln276 = zext i8 %state_0_0_read_1 to i64" [c_src/aes.c:276]   --->   Operation 19 'zext' 'zext_ln276' <Predicate = true> <Delay = 0.00>
ST_1 : Operation 20 [1/1] (0.00ns)   --->   "%sbox_addr = getelementptr inbounds [256 x i8]* @sbox, i64 0, i64 %zext_ln276" [c_src/aes.c:276]   --->   Operation 20 'getelementptr' 'sbox_addr' <Predicate = true> <Delay = 0.00>
ST_1 : Operation 21 [2/2] (2.77ns)   --->   "%sbox_load = load i8* %sbox_addr, align 1" [c_src/aes.c:276]   --->   Operation 21 'load' 'sbox_load' <Predicate = true> <Delay = 2.77> <Core = "ROM_nP">   --->   Core 52 'ROM_nP' <Latency = 1> <II = 1> <Delay = 2.77> <Storage> <Opcode : 'load'> <Ports = 0> <Width = 8> <Depth = 256> <ROM>
ST_1 : Operation 22 [1/1] (0.00ns)   --->   "%zext_ln276_1 = zext i8 %state_1_0_read_1 to i64" [c_src/aes.c:276]   --->   Operation 22 'zext' 'zext_ln276_1' <Predicate = true> <Delay = 0.00>
ST_1 : Operation 23 [1/1] (0.00ns)   --->   "%sbox_addr_1 = getelementptr inbounds [256 x i8]* @sbox, i64 0, i64 %zext_ln276_1" [c_src/aes.c:276]   --->   Operation 23 'getelementptr' 'sbox_addr_1' <Predicate = true> <Delay = 0.00>
ST_1 : Operation 24 [2/2] (2.77ns)   --->   "%sbox_load_1 = load i8* %sbox_addr_1, align 1" [c_src/aes.c:276]   --->   Operation 24 'load' 'sbox_load_1' <Predicate = true> <Delay = 2.77> <Core = "ROM_nP">   --->   Core 52 'ROM_nP' <Latency = 1> <II = 1> <Delay = 2.77> <Storage> <Opcode : 'load'> <Ports = 0> <Width = 8> <Depth = 256> <ROM>
ST_1 : Operation 25 [1/1] (0.00ns)   --->   "%zext_ln276_2 = zext i8 %state_2_0_read_1 to i64" [c_src/aes.c:276]   --->   Operation 25 'zext' 'zext_ln276_2' <Predicate = true> <Delay = 0.00>
ST_1 : Operation 26 [1/1] (0.00ns)   --->   "%sbox_addr_2 = getelementptr inbounds [256 x i8]* @sbox, i64 0, i64 %zext_ln276_2" [c_src/aes.c:276]   --->   Operation 26 'getelementptr' 'sbox_addr_2' <Predicate = true> <Delay = 0.00>
ST_1 : Operation 27 [2/2] (2.77ns)   --->   "%sbox_load_2 = load i8* %sbox_addr_2, align 1" [c_src/aes.c:276]   --->   Operation 27 'load' 'sbox_load_2' <Predicate = true> <Delay = 2.77> <Core = "ROM_nP">   --->   Core 52 'ROM_nP' <Latency = 1> <II = 1> <Delay = 2.77> <Storage> <Opcode : 'load'> <Ports = 0> <Width = 8> <Depth = 256> <ROM>
ST_1 : Operation 28 [1/1] (0.00ns)   --->   "%zext_ln276_3 = zext i8 %state_3_0_read_1 to i64" [c_src/aes.c:276]   --->   Operation 28 'zext' 'zext_ln276_3' <Predicate = true> <Delay = 0.00>
ST_1 : Operation 29 [1/1] (0.00ns)   --->   "%sbox_addr_3 = getelementptr inbounds [256 x i8]* @sbox, i64 0, i64 %zext_ln276_3" [c_src/aes.c:276]   --->   Operation 29 'getelementptr' 'sbox_addr_3' <Predicate = true> <Delay = 0.00>
ST_1 : Operation 30 [2/2] (2.77ns)   --->   "%sbox_load_3 = load i8* %sbox_addr_3, align 1" [c_src/aes.c:276]   --->   Operation 30 'load' 'sbox_load_3' <Predicate = true> <Delay = 2.77> <Core = "ROM_nP">   --->   Core 52 'ROM_nP' <Latency = 1> <II = 1> <Delay = 2.77> <Storage> <Opcode : 'load'> <Ports = 0> <Width = 8> <Depth = 256> <ROM>
ST_1 : Operation 31 [1/1] (0.00ns)   --->   "%zext_ln276_4 = zext i8 %state_0_1_read_1 to i64" [c_src/aes.c:276]   --->   Operation 31 'zext' 'zext_ln276_4' <Predicate = true> <Delay = 0.00>
ST_1 : Operation 32 [1/1] (0.00ns)   --->   "%sbox_addr_4 = getelementptr inbounds [256 x i8]* @sbox, i64 0, i64 %zext_ln276_4" [c_src/aes.c:276]   --->   Operation 32 'getelementptr' 'sbox_addr_4' <Predicate = true> <Delay = 0.00>
ST_1 : Operation 33 [2/2] (2.77ns)   --->   "%sbox_load_4 = load i8* %sbox_addr_4, align 1" [c_src/aes.c:276]   --->   Operation 33 'load' 'sbox_load_4' <Predicate = true> <Delay = 2.77> <Core = "ROM_nP">   --->   Core 52 'ROM_nP' <Latency = 1> <II = 1> <Delay = 2.77> <Storage> <Opcode : 'load'> <Ports = 0> <Width = 8> <Depth = 256> <ROM>
ST_1 : Operation 34 [1/1] (0.00ns)   --->   "%zext_ln276_5 = zext i8 %state_1_1_read_1 to i64" [c_src/aes.c:276]   --->   Operation 34 'zext' 'zext_ln276_5' <Predicate = true> <Delay = 0.00>
ST_1 : Operation 35 [1/1] (0.00ns)   --->   "%sbox_addr_5 = getelementptr inbounds [256 x i8]* @sbox, i64 0, i64 %zext_ln276_5" [c_src/aes.c:276]   --->   Operation 35 'getelementptr' 'sbox_addr_5' <Predicate = true> <Delay = 0.00>
ST_1 : Operation 36 [2/2] (2.77ns)   --->   "%sbox_load_5 = load i8* %sbox_addr_5, align 1" [c_src/aes.c:276]   --->   Operation 36 'load' 'sbox_load_5' <Predicate = true> <Delay = 2.77> <Core = "ROM_nP">   --->   Core 52 'ROM_nP' <Latency = 1> <II = 1> <Delay = 2.77> <Storage> <Opcode : 'load'> <Ports = 0> <Width = 8> <Depth = 256> <ROM>
ST_1 : Operation 37 [1/1] (0.00ns)   --->   "%zext_ln276_6 = zext i8 %state_2_1_read_1 to i64" [c_src/aes.c:276]   --->   Operation 37 'zext' 'zext_ln276_6' <Predicate = true> <Delay = 0.00>
ST_1 : Operation 38 [1/1] (0.00ns)   --->   "%sbox_addr_6 = getelementptr inbounds [256 x i8]* @sbox, i64 0, i64 %zext_ln276_6" [c_src/aes.c:276]   --->   Operation 38 'getelementptr' 'sbox_addr_6' <Predicate = true> <Delay = 0.00>
ST_1 : Operation 39 [2/2] (2.77ns)   --->   "%sbox_load_6 = load i8* %sbox_addr_6, align 1" [c_src/aes.c:276]   --->   Operation 39 'load' 'sbox_load_6' <Predicate = true> <Delay = 2.77> <Core = "ROM_nP">   --->   Core 52 'ROM_nP' <Latency = 1> <II = 1> <Delay = 2.77> <Storage> <Opcode : 'load'> <Ports = 0> <Width = 8> <Depth = 256> <ROM>
ST_1 : Operation 40 [1/1] (0.00ns)   --->   "%zext_ln276_7 = zext i8 %state_3_1_read_1 to i64" [c_src/aes.c:276]   --->   Operation 40 'zext' 'zext_ln276_7' <Predicate = true> <Delay = 0.00>
ST_1 : Operation 41 [1/1] (0.00ns)   --->   "%sbox_addr_7 = getelementptr inbounds [256 x i8]* @sbox, i64 0, i64 %zext_ln276_7" [c_src/aes.c:276]   --->   Operation 41 'getelementptr' 'sbox_addr_7' <Predicate = true> <Delay = 0.00>
ST_1 : Operation 42 [2/2] (2.77ns)   --->   "%sbox_load_7 = load i8* %sbox_addr_7, align 1" [c_src/aes.c:276]   --->   Operation 42 'load' 'sbox_load_7' <Predicate = true> <Delay = 2.77> <Core = "ROM_nP">   --->   Core 52 'ROM_nP' <Latency = 1> <II = 1> <Delay = 2.77> <Storage> <Opcode : 'load'> <Ports = 0> <Width = 8> <Depth = 256> <ROM>
ST_1 : Operation 43 [1/1] (0.00ns)   --->   "%zext_ln276_8 = zext i8 %state_0_2_read_1 to i64" [c_src/aes.c:276]   --->   Operation 43 'zext' 'zext_ln276_8' <Predicate = true> <Delay = 0.00>
ST_1 : Operation 44 [1/1] (0.00ns)   --->   "%sbox_addr_8 = getelementptr inbounds [256 x i8]* @sbox, i64 0, i64 %zext_ln276_8" [c_src/aes.c:276]   --->   Operation 44 'getelementptr' 'sbox_addr_8' <Predicate = true> <Delay = 0.00>
ST_1 : Operation 45 [2/2] (2.77ns)   --->   "%sbox_load_8 = load i8* %sbox_addr_8, align 1" [c_src/aes.c:276]   --->   Operation 45 'load' 'sbox_load_8' <Predicate = true> <Delay = 2.77> <Core = "ROM_nP">   --->   Core 52 'ROM_nP' <Latency = 1> <II = 1> <Delay = 2.77> <Storage> <Opcode : 'load'> <Ports = 0> <Width = 8> <Depth = 256> <ROM>
ST_1 : Operation 46 [1/1] (0.00ns)   --->   "%zext_ln276_9 = zext i8 %state_1_2_read_1 to i64" [c_src/aes.c:276]   --->   Operation 46 'zext' 'zext_ln276_9' <Predicate = true> <Delay = 0.00>
ST_1 : Operation 47 [1/1] (0.00ns)   --->   "%sbox_addr_9 = getelementptr inbounds [256 x i8]* @sbox, i64 0, i64 %zext_ln276_9" [c_src/aes.c:276]   --->   Operation 47 'getelementptr' 'sbox_addr_9' <Predicate = true> <Delay = 0.00>
ST_1 : Operation 48 [2/2] (2.77ns)   --->   "%sbox_load_9 = load i8* %sbox_addr_9, align 1" [c_src/aes.c:276]   --->   Operation 48 'load' 'sbox_load_9' <Predicate = true> <Delay = 2.77> <Core = "ROM_nP">   --->   Core 52 'ROM_nP' <Latency = 1> <II = 1> <Delay = 2.77> <Storage> <Opcode : 'load'> <Ports = 0> <Width = 8> <Depth = 256> <ROM>
ST_1 : Operation 49 [1/1] (0.00ns)   --->   "%zext_ln276_10 = zext i8 %state_2_2_read_1 to i64" [c_src/aes.c:276]   --->   Operation 49 'zext' 'zext_ln276_10' <Predicate = true> <Delay = 0.00>
ST_1 : Operation 50 [1/1] (0.00ns)   --->   "%sbox_addr_10 = getelementptr inbounds [256 x i8]* @sbox, i64 0, i64 %zext_ln276_10" [c_src/aes.c:276]   --->   Operation 50 'getelementptr' 'sbox_addr_10' <Predicate = true> <Delay = 0.00>
ST_1 : Operation 51 [2/2] (2.77ns)   --->   "%sbox_load_10 = load i8* %sbox_addr_10, align 1" [c_src/aes.c:276]   --->   Operation 51 'load' 'sbox_load_10' <Predicate = true> <Delay = 2.77> <Core = "ROM_nP">   --->   Core 52 'ROM_nP' <Latency = 1> <II = 1> <Delay = 2.77> <Storage> <Opcode : 'load'> <Ports = 0> <Width = 8> <Depth = 256> <ROM>
ST_1 : Operation 52 [1/1] (0.00ns)   --->   "%zext_ln276_11 = zext i8 %state_3_2_read_1 to i64" [c_src/aes.c:276]   --->   Operation 52 'zext' 'zext_ln276_11' <Predicate = true> <Delay = 0.00>
ST_1 : Operation 53 [1/1] (0.00ns)   --->   "%sbox_addr_11 = getelementptr inbounds [256 x i8]* @sbox, i64 0, i64 %zext_ln276_11" [c_src/aes.c:276]   --->   Operation 53 'getelementptr' 'sbox_addr_11' <Predicate = true> <Delay = 0.00>
ST_1 : Operation 54 [2/2] (2.77ns)   --->   "%sbox_load_11 = load i8* %sbox_addr_11, align 1" [c_src/aes.c:276]   --->   Operation 54 'load' 'sbox_load_11' <Predicate = true> <Delay = 2.77> <Core = "ROM_nP">   --->   Core 52 'ROM_nP' <Latency = 1> <II = 1> <Delay = 2.77> <Storage> <Opcode : 'load'> <Ports = 0> <Width = 8> <Depth = 256> <ROM>
ST_1 : Operation 55 [1/1] (0.00ns)   --->   "%zext_ln276_12 = zext i8 %state_0_3_read_1 to i64" [c_src/aes.c:276]   --->   Operation 55 'zext' 'zext_ln276_12' <Predicate = true> <Delay = 0.00>
ST_1 : Operation 56 [1/1] (0.00ns)   --->   "%sbox_addr_12 = getelementptr inbounds [256 x i8]* @sbox, i64 0, i64 %zext_ln276_12" [c_src/aes.c:276]   --->   Operation 56 'getelementptr' 'sbox_addr_12' <Predicate = true> <Delay = 0.00>
ST_1 : Operation 57 [2/2] (2.77ns)   --->   "%sbox_load_12 = load i8* %sbox_addr_12, align 1" [c_src/aes.c:276]   --->   Operation 57 'load' 'sbox_load_12' <Predicate = true> <Delay = 2.77> <Core = "ROM_nP">   --->   Core 52 'ROM_nP' <Latency = 1> <II = 1> <Delay = 2.77> <Storage> <Opcode : 'load'> <Ports = 0> <Width = 8> <Depth = 256> <ROM>
ST_1 : Operation 58 [1/1] (0.00ns)   --->   "%zext_ln276_13 = zext i8 %state_1_3_read_1 to i64" [c_src/aes.c:276]   --->   Operation 58 'zext' 'zext_ln276_13' <Predicate = true> <Delay = 0.00>
ST_1 : Operation 59 [1/1] (0.00ns)   --->   "%sbox_addr_13 = getelementptr inbounds [256 x i8]* @sbox, i64 0, i64 %zext_ln276_13" [c_src/aes.c:276]   --->   Operation 59 'getelementptr' 'sbox_addr_13' <Predicate = true> <Delay = 0.00>
ST_1 : Operation 60 [2/2] (2.77ns)   --->   "%sbox_load_13 = load i8* %sbox_addr_13, align 1" [c_src/aes.c:276]   --->   Operation 60 'load' 'sbox_load_13' <Predicate = true> <Delay = 2.77> <Core = "ROM_nP">   --->   Core 52 'ROM_nP' <Latency = 1> <II = 1> <Delay = 2.77> <Storage> <Opcode : 'load'> <Ports = 0> <Width = 8> <Depth = 256> <ROM>
ST_1 : Operation 61 [1/1] (0.00ns)   --->   "%zext_ln276_14 = zext i8 %state_2_3_read_1 to i64" [c_src/aes.c:276]   --->   Operation 61 'zext' 'zext_ln276_14' <Predicate = true> <Delay = 0.00>
ST_1 : Operation 62 [1/1] (0.00ns)   --->   "%sbox_addr_14 = getelementptr inbounds [256 x i8]* @sbox, i64 0, i64 %zext_ln276_14" [c_src/aes.c:276]   --->   Operation 62 'getelementptr' 'sbox_addr_14' <Predicate = true> <Delay = 0.00>
ST_1 : Operation 63 [2/2] (2.77ns)   --->   "%sbox_load_14 = load i8* %sbox_addr_14, align 1" [c_src/aes.c:276]   --->   Operation 63 'load' 'sbox_load_14' <Predicate = true> <Delay = 2.77> <Core = "ROM_nP">   --->   Core 52 'ROM_nP' <Latency = 1> <II = 1> <Delay = 2.77> <Storage> <Opcode : 'load'> <Ports = 0> <Width = 8> <Depth = 256> <ROM>
ST_1 : Operation 64 [1/1] (0.00ns)   --->   "%zext_ln276_15 = zext i8 %state_3_3_read_1 to i64" [c_src/aes.c:276]   --->   Operation 64 'zext' 'zext_ln276_15' <Predicate = true> <Delay = 0.00>
ST_1 : Operation 65 [1/1] (0.00ns)   --->   "%sbox_addr_15 = getelementptr inbounds [256 x i8]* @sbox, i64 0, i64 %zext_ln276_15" [c_src/aes.c:276]   --->   Operation 65 'getelementptr' 'sbox_addr_15' <Predicate = true> <Delay = 0.00>
ST_1 : Operation 66 [2/2] (2.77ns)   --->   "%sbox_load_15 = load i8* %sbox_addr_15, align 1" [c_src/aes.c:276]   --->   Operation 66 'load' 'sbox_load_15' <Predicate = true> <Delay = 2.77> <Core = "ROM_nP">   --->   Core 52 'ROM_nP' <Latency = 1> <II = 1> <Delay = 2.77> <Storage> <Opcode : 'load'> <Ports = 0> <Width = 8> <Depth = 256> <ROM>

State 2 <SV = 1> <Delay = 2.77>
ST_2 : Operation 67 [1/2] (2.77ns)   --->   "%sbox_load = load i8* %sbox_addr, align 1" [c_src/aes.c:276]   --->   Operation 67 'load' 'sbox_load' <Predicate = true> <Delay = 2.77> <Core = "ROM_nP">   --->   Core 52 'ROM_nP' <Latency = 1> <II = 1> <Delay = 2.77> <Storage> <Opcode : 'load'> <Ports = 0> <Width = 8> <Depth = 256> <ROM>
ST_2 : Operation 68 [1/2] (2.77ns)   --->   "%sbox_load_1 = load i8* %sbox_addr_1, align 1" [c_src/aes.c:276]   --->   Operation 68 'load' 'sbox_load_1' <Predicate = true> <Delay = 2.77> <Core = "ROM_nP">   --->   Core 52 'ROM_nP' <Latency = 1> <II = 1> <Delay = 2.77> <Storage> <Opcode : 'load'> <Ports = 0> <Width = 8> <Depth = 256> <ROM>
ST_2 : Operation 69 [1/2] (2.77ns)   --->   "%sbox_load_2 = load i8* %sbox_addr_2, align 1" [c_src/aes.c:276]   --->   Operation 69 'load' 'sbox_load_2' <Predicate = true> <Delay = 2.77> <Core = "ROM_nP">   --->   Core 52 'ROM_nP' <Latency = 1> <II = 1> <Delay = 2.77> <Storage> <Opcode : 'load'> <Ports = 0> <Width = 8> <Depth = 256> <ROM>
ST_2 : Operation 70 [1/2] (2.77ns)   --->   "%sbox_load_3 = load i8* %sbox_addr_3, align 1" [c_src/aes.c:276]   --->   Operation 70 'load' 'sbox_load_3' <Predicate = true> <Delay = 2.77> <Core = "ROM_nP">   --->   Core 52 'ROM_nP' <Latency = 1> <II = 1> <Delay = 2.77> <Storage> <Opcode : 'load'> <Ports = 0> <Width = 8> <Depth = 256> <ROM>
ST_2 : Operation 71 [1/2] (2.77ns)   --->   "%sbox_load_4 = load i8* %sbox_addr_4, align 1" [c_src/aes.c:276]   --->   Operation 71 'load' 'sbox_load_4' <Predicate = true> <Delay = 2.77> <Core = "ROM_nP">   --->   Core 52 'ROM_nP' <Latency = 1> <II = 1> <Delay = 2.77> <Storage> <Opcode : 'load'> <Ports = 0> <Width = 8> <Depth = 256> <ROM>
ST_2 : Operation 72 [1/2] (2.77ns)   --->   "%sbox_load_5 = load i8* %sbox_addr_5, align 1" [c_src/aes.c:276]   --->   Operation 72 'load' 'sbox_load_5' <Predicate = true> <Delay = 2.77> <Core = "ROM_nP">   --->   Core 52 'ROM_nP' <Latency = 1> <II = 1> <Delay = 2.77> <Storage> <Opcode : 'load'> <Ports = 0> <Width = 8> <Depth = 256> <ROM>
ST_2 : Operation 73 [1/2] (2.77ns)   --->   "%sbox_load_6 = load i8* %sbox_addr_6, align 1" [c_src/aes.c:276]   --->   Operation 73 'load' 'sbox_load_6' <Predicate = true> <Delay = 2.77> <Core = "ROM_nP">   --->   Core 52 'ROM_nP' <Latency = 1> <II = 1> <Delay = 2.77> <Storage> <Opcode : 'load'> <Ports = 0> <Width = 8> <Depth = 256> <ROM>
ST_2 : Operation 74 [1/2] (2.77ns)   --->   "%sbox_load_7 = load i8* %sbox_addr_7, align 1" [c_src/aes.c:276]   --->   Operation 74 'load' 'sbox_load_7' <Predicate = true> <Delay = 2.77> <Core = "ROM_nP">   --->   Core 52 'ROM_nP' <Latency = 1> <II = 1> <Delay = 2.77> <Storage> <Opcode : 'load'> <Ports = 0> <Width = 8> <Depth = 256> <ROM>
ST_2 : Operation 75 [1/2] (2.77ns)   --->   "%sbox_load_8 = load i8* %sbox_addr_8, align 1" [c_src/aes.c:276]   --->   Operation 75 'load' 'sbox_load_8' <Predicate = true> <Delay = 2.77> <Core = "ROM_nP">   --->   Core 52 'ROM_nP' <Latency = 1> <II = 1> <Delay = 2.77> <Storage> <Opcode : 'load'> <Ports = 0> <Width = 8> <Depth = 256> <ROM>
ST_2 : Operation 76 [1/2] (2.77ns)   --->   "%sbox_load_9 = load i8* %sbox_addr_9, align 1" [c_src/aes.c:276]   --->   Operation 76 'load' 'sbox_load_9' <Predicate = true> <Delay = 2.77> <Core = "ROM_nP">   --->   Core 52 'ROM_nP' <Latency = 1> <II = 1> <Delay = 2.77> <Storage> <Opcode : 'load'> <Ports = 0> <Width = 8> <Depth = 256> <ROM>
ST_2 : Operation 77 [1/2] (2.77ns)   --->   "%sbox_load_10 = load i8* %sbox_addr_10, align 1" [c_src/aes.c:276]   --->   Operation 77 'load' 'sbox_load_10' <Predicate = true> <Delay = 2.77> <Core = "ROM_nP">   --->   Core 52 'ROM_nP' <Latency = 1> <II = 1> <Delay = 2.77> <Storage> <Opcode : 'load'> <Ports = 0> <Width = 8> <Depth = 256> <ROM>
ST_2 : Operation 78 [1/2] (2.77ns)   --->   "%sbox_load_11 = load i8* %sbox_addr_11, align 1" [c_src/aes.c:276]   --->   Operation 78 'load' 'sbox_load_11' <Predicate = true> <Delay = 2.77> <Core = "ROM_nP">   --->   Core 52 'ROM_nP' <Latency = 1> <II = 1> <Delay = 2.77> <Storage> <Opcode : 'load'> <Ports = 0> <Width = 8> <Depth = 256> <ROM>
ST_2 : Operation 79 [1/2] (2.77ns)   --->   "%sbox_load_12 = load i8* %sbox_addr_12, align 1" [c_src/aes.c:276]   --->   Operation 79 'load' 'sbox_load_12' <Predicate = true> <Delay = 2.77> <Core = "ROM_nP">   --->   Core 52 'ROM_nP' <Latency = 1> <II = 1> <Delay = 2.77> <Storage> <Opcode : 'load'> <Ports = 0> <Width = 8> <Depth = 256> <ROM>
ST_2 : Operation 80 [1/2] (2.77ns)   --->   "%sbox_load_13 = load i8* %sbox_addr_13, align 1" [c_src/aes.c:276]   --->   Operation 80 'load' 'sbox_load_13' <Predicate = true> <Delay = 2.77> <Core = "ROM_nP">   --->   Core 52 'ROM_nP' <Latency = 1> <II = 1> <Delay = 2.77> <Storage> <Opcode : 'load'> <Ports = 0> <Width = 8> <Depth = 256> <ROM>
ST_2 : Operation 81 [1/2] (2.77ns)   --->   "%sbox_load_14 = load i8* %sbox_addr_14, align 1" [c_src/aes.c:276]   --->   Operation 81 'load' 'sbox_load_14' <Predicate = true> <Delay = 2.77> <Core = "ROM_nP">   --->   Core 52 'ROM_nP' <Latency = 1> <II = 1> <Delay = 2.77> <Storage> <Opcode : 'load'> <Ports = 0> <Width = 8> <Depth = 256> <ROM>
ST_2 : Operation 82 [1/2] (2.77ns)   --->   "%sbox_load_15 = load i8* %sbox_addr_15, align 1" [c_src/aes.c:276]   --->   Operation 82 'load' 'sbox_load_15' <Predicate = true> <Delay = 2.77> <Core = "ROM_nP">   --->   Core 52 'ROM_nP' <Latency = 1> <II = 1> <Delay = 2.77> <Storage> <Opcode : 'load'> <Ports = 0> <Width = 8> <Depth = 256> <ROM>
ST_2 : Operation 83 [1/1] (0.00ns)   --->   "%mrv = insertvalue { i8, i8, i8, i8, i8, i8, i8, i8, i8, i8, i8, i8, i8, i8, i8, i8 } undef, i8 %sbox_load, 0" [c_src/aes.c:279]   --->   Operation 83 'insertvalue' 'mrv' <Predicate = true> <Delay = 0.00>
ST_2 : Operation 84 [1/1] (0.00ns)   --->   "%mrv_1 = insertvalue { i8, i8, i8, i8, i8, i8, i8, i8, i8, i8, i8, i8, i8, i8, i8, i8 } %mrv, i8 %sbox_load_4, 1" [c_src/aes.c:279]   --->   Operation 84 'insertvalue' 'mrv_1' <Predicate = true> <Delay = 0.00>
ST_2 : Operation 85 [1/1] (0.00ns)   --->   "%mrv_2 = insertvalue { i8, i8, i8, i8, i8, i8, i8, i8, i8, i8, i8, i8, i8, i8, i8, i8 } %mrv_1, i8 %sbox_load_8, 2" [c_src/aes.c:279]   --->   Operation 85 'insertvalue' 'mrv_2' <Predicate = true> <Delay = 0.00>
ST_2 : Operation 86 [1/1] (0.00ns)   --->   "%mrv_3 = insertvalue { i8, i8, i8, i8, i8, i8, i8, i8, i8, i8, i8, i8, i8, i8, i8, i8 } %mrv_2, i8 %sbox_load_12, 3" [c_src/aes.c:279]   --->   Operation 86 'insertvalue' 'mrv_3' <Predicate = true> <Delay = 0.00>
ST_2 : Operation 87 [1/1] (0.00ns)   --->   "%mrv_4 = insertvalue { i8, i8, i8, i8, i8, i8, i8, i8, i8, i8, i8, i8, i8, i8, i8, i8 } %mrv_3, i8 %sbox_load_1, 4" [c_src/aes.c:279]   --->   Operation 87 'insertvalue' 'mrv_4' <Predicate = true> <Delay = 0.00>
ST_2 : Operation 88 [1/1] (0.00ns)   --->   "%mrv_5 = insertvalue { i8, i8, i8, i8, i8, i8, i8, i8, i8, i8, i8, i8, i8, i8, i8, i8 } %mrv_4, i8 %sbox_load_5, 5" [c_src/aes.c:279]   --->   Operation 88 'insertvalue' 'mrv_5' <Predicate = true> <Delay = 0.00>
ST_2 : Operation 89 [1/1] (0.00ns)   --->   "%mrv_6 = insertvalue { i8, i8, i8, i8, i8, i8, i8, i8, i8, i8, i8, i8, i8, i8, i8, i8 } %mrv_5, i8 %sbox_load_9, 6" [c_src/aes.c:279]   --->   Operation 89 'insertvalue' 'mrv_6' <Predicate = true> <Delay = 0.00>
ST_2 : Operation 90 [1/1] (0.00ns)   --->   "%mrv_7 = insertvalue { i8, i8, i8, i8, i8, i8, i8, i8, i8, i8, i8, i8, i8, i8, i8, i8 } %mrv_6, i8 %sbox_load_13, 7" [c_src/aes.c:279]   --->   Operation 90 'insertvalue' 'mrv_7' <Predicate = true> <Delay = 0.00>
ST_2 : Operation 91 [1/1] (0.00ns)   --->   "%mrv_8 = insertvalue { i8, i8, i8, i8, i8, i8, i8, i8, i8, i8, i8, i8, i8, i8, i8, i8 } %mrv_7, i8 %sbox_load_2, 8" [c_src/aes.c:279]   --->   Operation 91 'insertvalue' 'mrv_8' <Predicate = true> <Delay = 0.00>
ST_2 : Operation 92 [1/1] (0.00ns)   --->   "%mrv_9 = insertvalue { i8, i8, i8, i8, i8, i8, i8, i8, i8, i8, i8, i8, i8, i8, i8, i8 } %mrv_8, i8 %sbox_load_6, 9" [c_src/aes.c:279]   --->   Operation 92 'insertvalue' 'mrv_9' <Predicate = true> <Delay = 0.00>
ST_2 : Operation 93 [1/1] (0.00ns)   --->   "%mrv_10 = insertvalue { i8, i8, i8, i8, i8, i8, i8, i8, i8, i8, i8, i8, i8, i8, i8, i8 } %mrv_9, i8 %sbox_load_10, 10" [c_src/aes.c:279]   --->   Operation 93 'insertvalue' 'mrv_10' <Predicate = true> <Delay = 0.00>
ST_2 : Operation 94 [1/1] (0.00ns)   --->   "%mrv_11 = insertvalue { i8, i8, i8, i8, i8, i8, i8, i8, i8, i8, i8, i8, i8, i8, i8, i8 } %mrv_10, i8 %sbox_load_14, 11" [c_src/aes.c:279]   --->   Operation 94 'insertvalue' 'mrv_11' <Predicate = true> <Delay = 0.00>
ST_2 : Operation 95 [1/1] (0.00ns)   --->   "%mrv_12 = insertvalue { i8, i8, i8, i8, i8, i8, i8, i8, i8, i8, i8, i8, i8, i8, i8, i8 } %mrv_11, i8 %sbox_load_3, 12" [c_src/aes.c:279]   --->   Operation 95 'insertvalue' 'mrv_12' <Predicate = true> <Delay = 0.00>
ST_2 : Operation 96 [1/1] (0.00ns)   --->   "%mrv_13 = insertvalue { i8, i8, i8, i8, i8, i8, i8, i8, i8, i8, i8, i8, i8, i8, i8, i8 } %mrv_12, i8 %sbox_load_7, 13" [c_src/aes.c:279]   --->   Operation 96 'insertvalue' 'mrv_13' <Predicate = true> <Delay = 0.00>
ST_2 : Operation 97 [1/1] (0.00ns)   --->   "%mrv_14 = insertvalue { i8, i8, i8, i8, i8, i8, i8, i8, i8, i8, i8, i8, i8, i8, i8, i8 } %mrv_13, i8 %sbox_load_11, 14" [c_src/aes.c:279]   --->   Operation 97 'insertvalue' 'mrv_14' <Predicate = true> <Delay = 0.00>
ST_2 : Operation 98 [1/1] (0.00ns)   --->   "%mrv_s = insertvalue { i8, i8, i8, i8, i8, i8, i8, i8, i8, i8, i8, i8, i8, i8, i8, i8 } %mrv_14, i8 %sbox_load_15, 15" [c_src/aes.c:279]   --->   Operation 98 'insertvalue' 'mrv_s' <Predicate = true> <Delay = 0.00>
ST_2 : Operation 99 [1/1] (0.00ns)   --->   "ret { i8, i8, i8, i8, i8, i8, i8, i8, i8, i8, i8, i8, i8, i8, i8, i8 } %mrv_s" [c_src/aes.c:279]   --->   Operation 99 'ret' <Predicate = true> <Delay = 0.00>


============================================================
+ Verbose Summary: Binding
============================================================
STG Binding: 
---------------- STG Properties BEGIN ----------------
- Is combinational: 0
- Is one-state seq: 0
- Is datapath-only: 0
- Is pipelined: 1
- Is top level: 0
Port [ Return ] is wired: 1; IO mode=ap_ctrl_hs:ce=0
Port [ state_0_0_read]:  wired=1; compound=0; hidden=0; nouse=0; global=0; static=0; extern=0; dir=0; type=0; pingpong=0; private_global=0; IO mode=ap_none:ce=0
Port [ state_0_1_read]:  wired=1; compound=0; hidden=0; nouse=0; global=0; static=0; extern=0; dir=0; type=0; pingpong=0; private_global=0; IO mode=ap_none:ce=0
Port [ state_0_2_read]:  wired=1; compound=0; hidden=0; nouse=0; global=0; static=0; extern=0; dir=0; type=0; pingpong=0; private_global=0; IO mode=ap_none:ce=0
Port [ state_0_3_read]:  wired=1; compound=0; hidden=0; nouse=0; global=0; static=0; extern=0; dir=0; type=0; pingpong=0; private_global=0; IO mode=ap_none:ce=0
Port [ state_1_0_read]:  wired=1; compound=0; hidden=0; nouse=0; global=0; static=0; extern=0; dir=0; type=0; pingpong=0; private_global=0; IO mode=ap_none:ce=0
Port [ state_1_1_read]:  wired=1; compound=0; hidden=0; nouse=0; global=0; static=0; extern=0; dir=0; type=0; pingpong=0; private_global=0; IO mode=ap_none:ce=0
Port [ state_1_2_read]:  wired=1; compound=0; hidden=0; nouse=0; global=0; static=0; extern=0; dir=0; type=0; pingpong=0; private_global=0; IO mode=ap_none:ce=0
Port [ state_1_3_read]:  wired=1; compound=0; hidden=0; nouse=0; global=0; static=0; extern=0; dir=0; type=0; pingpong=0; private_global=0; IO mode=ap_none:ce=0
Port [ state_2_0_read]:  wired=1; compound=0; hidden=0; nouse=0; global=0; static=0; extern=0; dir=0; type=0; pingpong=0; private_global=0; IO mode=ap_none:ce=0
Port [ state_2_1_read]:  wired=1; compound=0; hidden=0; nouse=0; global=0; static=0; extern=0; dir=0; type=0; pingpong=0; private_global=0; IO mode=ap_none:ce=0
Port [ state_2_2_read]:  wired=1; compound=0; hidden=0; nouse=0; global=0; static=0; extern=0; dir=0; type=0; pingpong=0; private_global=0; IO mode=ap_none:ce=0
Port [ state_2_3_read]:  wired=1; compound=0; hidden=0; nouse=0; global=0; static=0; extern=0; dir=0; type=0; pingpong=0; private_global=0; IO mode=ap_none:ce=0
Port [ state_3_0_read]:  wired=1; compound=0; hidden=0; nouse=0; global=0; static=0; extern=0; dir=0; type=0; pingpong=0; private_global=0; IO mode=ap_none:ce=0
Port [ state_3_1_read]:  wired=1; compound=0; hidden=0; nouse=0; global=0; static=0; extern=0; dir=0; type=0; pingpong=0; private_global=0; IO mode=ap_none:ce=0
Port [ state_3_2_read]:  wired=1; compound=0; hidden=0; nouse=0; global=0; static=0; extern=0; dir=0; type=0; pingpong=0; private_global=0; IO mode=ap_none:ce=0
Port [ state_3_3_read]:  wired=1; compound=0; hidden=0; nouse=0; global=0; static=0; extern=0; dir=0; type=0; pingpong=0; private_global=0; IO mode=ap_none:ce=0
Port [ sbox]:  wired=0; compound=1; hidden=1; nouse=0; global=1; static=1; extern=0; dir=0; type=1; pingpong=0; private_global=0; linkage=7; visibility=0; MemPort=[1111111111111111]; IO mode=ap_memory:ce=0
---------------- STG Properties END ------------------

---------------- Datapath Model BEGIN ----------------

<LifeTime>
<method=bitvector/>
state_3_3_read_1 (read         ) [ 000]
state_3_2_read_1 (read         ) [ 000]
state_3_1_read_1 (read         ) [ 000]
state_3_0_read_1 (read         ) [ 000]
state_2_3_read_1 (read         ) [ 000]
state_2_2_read_1 (read         ) [ 000]
state_2_1_read_1 (read         ) [ 000]
state_2_0_read_1 (read         ) [ 000]
state_1_3_read_1 (read         ) [ 000]
state_1_2_read_1 (read         ) [ 000]
state_1_1_read_1 (read         ) [ 000]
state_1_0_read_1 (read         ) [ 000]
state_0_3_read_1 (read         ) [ 000]
state_0_2_read_1 (read         ) [ 000]
state_0_1_read_1 (read         ) [ 000]
state_0_0_read_1 (read         ) [ 000]
zext_ln276       (zext         ) [ 000]
sbox_addr        (getelementptr) [ 011]
zext_ln276_1     (zext         ) [ 000]
sbox_addr_1      (getelementptr) [ 011]
zext_ln276_2     (zext         ) [ 000]
sbox_addr_2      (getelementptr) [ 011]
zext_ln276_3     (zext         ) [ 000]
sbox_addr_3      (getelementptr) [ 011]
zext_ln276_4     (zext         ) [ 000]
sbox_addr_4      (getelementptr) [ 011]
zext_ln276_5     (zext         ) [ 000]
sbox_addr_5      (getelementptr) [ 011]
zext_ln276_6     (zext         ) [ 000]
sbox_addr_6      (getelementptr) [ 011]
zext_ln276_7     (zext         ) [ 000]
sbox_addr_7      (getelementptr) [ 011]
zext_ln276_8     (zext         ) [ 000]
sbox_addr_8      (getelementptr) [ 011]
zext_ln276_9     (zext         ) [ 000]
sbox_addr_9      (getelementptr) [ 011]
zext_ln276_10    (zext         ) [ 000]
sbox_addr_10     (getelementptr) [ 011]
zext_ln276_11    (zext         ) [ 000]
sbox_addr_11     (getelementptr) [ 011]
zext_ln276_12    (zext         ) [ 000]
sbox_addr_12     (getelementptr) [ 011]
zext_ln276_13    (zext         ) [ 000]
sbox_addr_13     (getelementptr) [ 011]
zext_ln276_14    (zext         ) [ 000]
sbox_addr_14     (getelementptr) [ 011]
zext_ln276_15    (zext         ) [ 000]
sbox_addr_15     (getelementptr) [ 011]
sbox_load        (load         ) [ 000]
sbox_load_1      (load         ) [ 000]
sbox_load_2      (load         ) [ 000]
sbox_load_3      (load         ) [ 000]
sbox_load_4      (load         ) [ 000]
sbox_load_5      (load         ) [ 000]
sbox_load_6      (load         ) [ 000]
sbox_load_7      (load         ) [ 000]
sbox_load_8      (load         ) [ 000]
sbox_load_9      (load         ) [ 000]
sbox_load_10     (load         ) [ 000]
sbox_load_11     (load         ) [ 000]
sbox_load_12     (load         ) [ 000]
sbox_load_13     (load         ) [ 000]
sbox_load_14     (load         ) [ 000]
sbox_load_15     (load         ) [ 000]
mrv              (insertvalue  ) [ 000]
mrv_1            (insertvalue  ) [ 000]
mrv_2            (insertvalue  ) [ 000]
mrv_3            (insertvalue  ) [ 000]
mrv_4            (insertvalue  ) [ 000]
mrv_5            (insertvalue  ) [ 000]
mrv_6            (insertvalue  ) [ 000]
mrv_7            (insertvalue  ) [ 000]
mrv_8            (insertvalue  ) [ 000]
mrv_9            (insertvalue  ) [ 000]
mrv_10           (insertvalue  ) [ 000]
mrv_11           (insertvalue  ) [ 000]
mrv_12           (insertvalue  ) [ 000]
mrv_13           (insertvalue  ) [ 000]
mrv_14           (insertvalue  ) [ 000]
mrv_s            (insertvalue  ) [ 000]
ret_ln279        (ret          ) [ 000]
</LifeTime>

<model>

<comp_list>
<comp id="0" class="1000" name="state_0_0_read">
<pin_list>
<pin id="1" dir="1" index="0" bw="1" slack="0"/>
</pin_list>
<bind>
<StgValue><ssdm name="state_0_0_read"/></StgValue>
</bind>
</comp>

<comp id="2" class="1000" name="state_0_1_read">
<pin_list>
<pin id="3" dir="1" index="0" bw="1" slack="0"/>
</pin_list>
<bind>
<StgValue><ssdm name="state_0_1_read"/></StgValue>
</bind>
</comp>

<comp id="4" class="1000" name="state_0_2_read">
<pin_list>
<pin id="5" dir="1" index="0" bw="1" slack="0"/>
</pin_list>
<bind>
<StgValue><ssdm name="state_0_2_read"/></StgValue>
</bind>
</comp>

<comp id="6" class="1000" name="state_0_3_read">
<pin_list>
<pin id="7" dir="1" index="0" bw="1" slack="0"/>
</pin_list>
<bind>
<StgValue><ssdm name="state_0_3_read"/></StgValue>
</bind>
</comp>

<comp id="8" class="1000" name="state_1_0_read">
<pin_list>
<pin id="9" dir="1" index="0" bw="1" slack="0"/>
</pin_list>
<bind>
<StgValue><ssdm name="state_1_0_read"/></StgValue>
</bind>
</comp>

<comp id="10" class="1000" name="state_1_1_read">
<pin_list>
<pin id="11" dir="1" index="0" bw="1" slack="0"/>
</pin_list>
<bind>
<StgValue><ssdm name="state_1_1_read"/></StgValue>
</bind>
</comp>

<comp id="12" class="1000" name="state_1_2_read">
<pin_list>
<pin id="13" dir="1" index="0" bw="1" slack="0"/>
</pin_list>
<bind>
<StgValue><ssdm name="state_1_2_read"/></StgValue>
</bind>
</comp>

<comp id="14" class="1000" name="state_1_3_read">
<pin_list>
<pin id="15" dir="1" index="0" bw="1" slack="0"/>
</pin_list>
<bind>
<StgValue><ssdm name="state_1_3_read"/></StgValue>
</bind>
</comp>

<comp id="16" class="1000" name="state_2_0_read">
<pin_list>
<pin id="17" dir="1" index="0" bw="1" slack="0"/>
</pin_list>
<bind>
<StgValue><ssdm name="state_2_0_read"/></StgValue>
</bind>
</comp>

<comp id="18" class="1000" name="state_2_1_read">
<pin_list>
<pin id="19" dir="1" index="0" bw="1" slack="0"/>
</pin_list>
<bind>
<StgValue><ssdm name="state_2_1_read"/></StgValue>
</bind>
</comp>

<comp id="20" class="1000" name="state_2_2_read">
<pin_list>
<pin id="21" dir="1" index="0" bw="1" slack="0"/>
</pin_list>
<bind>
<StgValue><ssdm name="state_2_2_read"/></StgValue>
</bind>
</comp>

<comp id="22" class="1000" name="state_2_3_read">
<pin_list>
<pin id="23" dir="1" index="0" bw="1" slack="0"/>
</pin_list>
<bind>
<StgValue><ssdm name="state_2_3_read"/></StgValue>
</bind>
</comp>

<comp id="24" class="1000" name="state_3_0_read">
<pin_list>
<pin id="25" dir="1" index="0" bw="1" slack="0"/>
</pin_list>
<bind>
<StgValue><ssdm name="state_3_0_read"/></StgValue>
</bind>
</comp>

<comp id="26" class="1000" name="state_3_1_read">
<pin_list>
<pin id="27" dir="1" index="0" bw="1" slack="0"/>
</pin_list>
<bind>
<StgValue><ssdm name="state_3_1_read"/></StgValue>
</bind>
</comp>

<comp id="28" class="1000" name="state_3_2_read">
<pin_list>
<pin id="29" dir="1" index="0" bw="1" slack="0"/>
</pin_list>
<bind>
<StgValue><ssdm name="state_3_2_read"/></StgValue>
</bind>
</comp>

<comp id="30" class="1000" name="state_3_3_read">
<pin_list>
<pin id="31" dir="1" index="0" bw="1" slack="0"/>
</pin_list>
<bind>
<StgValue><ssdm name="state_3_3_read"/></StgValue>
</bind>
</comp>

<comp id="32" class="1000" name="sbox">
<pin_list>
<pin id="33" dir="1" index="0" bw="1" slack="0"/>
</pin_list>
<bind>
<StgValue><ssdm name="sbox"/><MemPortTyVec>1 1 1 1 1 1 1 1 1 1 1 1 1 1 1 1 </MemPortTyVec>
</StgValue>
</bind>
</comp>

<comp id="34" class="1001" name="const_34">
<pin_list>
<pin id="35" dir="1" index="0" bw="1" slack="0"/>
</pin_list>
<bind>
<StgValue><ssdm name="_ssdm_op_Read.ap_auto.i8"/></StgValue>
</bind>
</comp>

<comp id="36" class="1001" name="const_36">
<pin_list>
<pin id="37" dir="1" index="0" bw="1" slack="0"/>
</pin_list>
<bind>
<StgValue><ssdm name=""/></StgValue>
</bind>
</comp>

<comp id="38" class="1001" name="const_38">
<pin_list>
<pin id="39" dir="1" index="0" bw="1" slack="0"/>
</pin_list>
<bind>
<StgValue><ssdm name=""/></StgValue>
</bind>
</comp>

<comp id="40" class="1004" name="state_3_3_read_1_read_fu_40">
<pin_list>
<pin id="41" dir="0" index="0" bw="8" slack="0"/>
<pin id="42" dir="0" index="1" bw="8" slack="0"/>
<pin id="43" dir="1" index="2" bw="8" slack="0"/>
</pin_list>
<bind>
<opcode="read(1150) " fcode="read"/>
<opset="state_3_3_read_1/1 "/>
</bind>
</comp>

<comp id="46" class="1004" name="state_3_2_read_1_read_fu_46">
<pin_list>
<pin id="47" dir="0" index="0" bw="8" slack="0"/>
<pin id="48" dir="0" index="1" bw="8" slack="0"/>
<pin id="49" dir="1" index="2" bw="8" slack="0"/>
</pin_list>
<bind>
<opcode="read(1150) " fcode="read"/>
<opset="state_3_2_read_1/1 "/>
</bind>
</comp>

<comp id="52" class="1004" name="state_3_1_read_1_read_fu_52">
<pin_list>
<pin id="53" dir="0" index="0" bw="8" slack="0"/>
<pin id="54" dir="0" index="1" bw="8" slack="0"/>
<pin id="55" dir="1" index="2" bw="8" slack="0"/>
</pin_list>
<bind>
<opcode="read(1150) " fcode="read"/>
<opset="state_3_1_read_1/1 "/>
</bind>
</comp>

<comp id="58" class="1004" name="state_3_0_read_1_read_fu_58">
<pin_list>
<pin id="59" dir="0" index="0" bw="8" slack="0"/>
<pin id="60" dir="0" index="1" bw="8" slack="0"/>
<pin id="61" dir="1" index="2" bw="8" slack="0"/>
</pin_list>
<bind>
<opcode="read(1150) " fcode="read"/>
<opset="state_3_0_read_1/1 "/>
</bind>
</comp>

<comp id="64" class="1004" name="state_2_3_read_1_read_fu_64">
<pin_list>
<pin id="65" dir="0" index="0" bw="8" slack="0"/>
<pin id="66" dir="0" index="1" bw="8" slack="0"/>
<pin id="67" dir="1" index="2" bw="8" slack="0"/>
</pin_list>
<bind>
<opcode="read(1150) " fcode="read"/>
<opset="state_2_3_read_1/1 "/>
</bind>
</comp>

<comp id="70" class="1004" name="state_2_2_read_1_read_fu_70">
<pin_list>
<pin id="71" dir="0" index="0" bw="8" slack="0"/>
<pin id="72" dir="0" index="1" bw="8" slack="0"/>
<pin id="73" dir="1" index="2" bw="8" slack="0"/>
</pin_list>
<bind>
<opcode="read(1150) " fcode="read"/>
<opset="state_2_2_read_1/1 "/>
</bind>
</comp>

<comp id="76" class="1004" name="state_2_1_read_1_read_fu_76">
<pin_list>
<pin id="77" dir="0" index="0" bw="8" slack="0"/>
<pin id="78" dir="0" index="1" bw="8" slack="0"/>
<pin id="79" dir="1" index="2" bw="8" slack="0"/>
</pin_list>
<bind>
<opcode="read(1150) " fcode="read"/>
<opset="state_2_1_read_1/1 "/>
</bind>
</comp>

<comp id="82" class="1004" name="state_2_0_read_1_read_fu_82">
<pin_list>
<pin id="83" dir="0" index="0" bw="8" slack="0"/>
<pin id="84" dir="0" index="1" bw="8" slack="0"/>
<pin id="85" dir="1" index="2" bw="8" slack="0"/>
</pin_list>
<bind>
<opcode="read(1150) " fcode="read"/>
<opset="state_2_0_read_1/1 "/>
</bind>
</comp>

<comp id="88" class="1004" name="state_1_3_read_1_read_fu_88">
<pin_list>
<pin id="89" dir="0" index="0" bw="8" slack="0"/>
<pin id="90" dir="0" index="1" bw="8" slack="0"/>
<pin id="91" dir="1" index="2" bw="8" slack="0"/>
</pin_list>
<bind>
<opcode="read(1150) " fcode="read"/>
<opset="state_1_3_read_1/1 "/>
</bind>
</comp>

<comp id="94" class="1004" name="state_1_2_read_1_read_fu_94">
<pin_list>
<pin id="95" dir="0" index="0" bw="8" slack="0"/>
<pin id="96" dir="0" index="1" bw="8" slack="0"/>
<pin id="97" dir="1" index="2" bw="8" slack="0"/>
</pin_list>
<bind>
<opcode="read(1150) " fcode="read"/>
<opset="state_1_2_read_1/1 "/>
</bind>
</comp>

<comp id="100" class="1004" name="state_1_1_read_1_read_fu_100">
<pin_list>
<pin id="101" dir="0" index="0" bw="8" slack="0"/>
<pin id="102" dir="0" index="1" bw="8" slack="0"/>
<pin id="103" dir="1" index="2" bw="8" slack="0"/>
</pin_list>
<bind>
<opcode="read(1150) " fcode="read"/>
<opset="state_1_1_read_1/1 "/>
</bind>
</comp>

<comp id="106" class="1004" name="state_1_0_read_1_read_fu_106">
<pin_list>
<pin id="107" dir="0" index="0" bw="8" slack="0"/>
<pin id="108" dir="0" index="1" bw="8" slack="0"/>
<pin id="109" dir="1" index="2" bw="8" slack="0"/>
</pin_list>
<bind>
<opcode="read(1150) " fcode="read"/>
<opset="state_1_0_read_1/1 "/>
</bind>
</comp>

<comp id="112" class="1004" name="state_0_3_read_1_read_fu_112">
<pin_list>
<pin id="113" dir="0" index="0" bw="8" slack="0"/>
<pin id="114" dir="0" index="1" bw="8" slack="0"/>
<pin id="115" dir="1" index="2" bw="8" slack="0"/>
</pin_list>
<bind>
<opcode="read(1150) " fcode="read"/>
<opset="state_0_3_read_1/1 "/>
</bind>
</comp>

<comp id="118" class="1004" name="state_0_2_read_1_read_fu_118">
<pin_list>
<pin id="119" dir="0" index="0" bw="8" slack="0"/>
<pin id="120" dir="0" index="1" bw="8" slack="0"/>
<pin id="121" dir="1" index="2" bw="8" slack="0"/>
</pin_list>
<bind>
<opcode="read(1150) " fcode="read"/>
<opset="state_0_2_read_1/1 "/>
</bind>
</comp>

<comp id="124" class="1004" name="state_0_1_read_1_read_fu_124">
<pin_list>
<pin id="125" dir="0" index="0" bw="8" slack="0"/>
<pin id="126" dir="0" index="1" bw="8" slack="0"/>
<pin id="127" dir="1" index="2" bw="8" slack="0"/>
</pin_list>
<bind>
<opcode="read(1150) " fcode="read"/>
<opset="state_0_1_read_1/1 "/>
</bind>
</comp>

<comp id="130" class="1004" name="state_0_0_read_1_read_fu_130">
<pin_list>
<pin id="131" dir="0" index="0" bw="8" slack="0"/>
<pin id="132" dir="0" index="1" bw="8" slack="0"/>
<pin id="133" dir="1" index="2" bw="8" slack="0"/>
</pin_list>
<bind>
<opcode="read(1150) " fcode="read"/>
<opset="state_0_0_read_1/1 "/>
</bind>
</comp>

<comp id="136" class="1004" name="sbox_addr_gep_fu_136">
<pin_list>
<pin id="137" dir="0" index="0" bw="8" slack="0"/>
<pin id="138" dir="0" index="1" bw="1" slack="0"/>
<pin id="139" dir="0" index="2" bw="8" slack="0"/>
<pin id="140" dir="1" index="3" bw="8" slack="0"/>
</pin_list>
<bind>
<opcode="getelementptr(29) " fcode="getelementptr"/>
<opset="sbox_addr/1 "/>
</bind>
</comp>

<comp id="143" class="1004" name="grp_access_fu_143">
<pin_list>
<pin id="144" dir="0" index="0" bw="8" slack="0"/>
<pin id="145" dir="0" index="1" bw="8" slack="2147483647"/>
<pin id="146" dir="0" index="2" bw="0" slack="0"/>
<pin id="156" dir="0" index="4" bw="8" slack="2147483647"/>
<pin id="157" dir="0" index="5" bw="8" slack="0"/>
<pin id="158" dir="0" index="6" bw="0" slack="2147483647"/>
<pin id="168" dir="0" index="8" bw="8" slack="0"/>
<pin id="169" dir="0" index="9" bw="8" slack="2147483647"/>
<pin id="170" dir="0" index="10" bw="0" slack="0"/>
<pin id="180" dir="0" index="12" bw="8" slack="2147483647"/>
<pin id="181" dir="0" index="13" bw="8" slack="0"/>
<pin id="182" dir="0" index="14" bw="0" slack="2147483647"/>
<pin id="192" dir="0" index="16" bw="8" slack="0"/>
<pin id="193" dir="0" index="17" bw="8" slack="2147483647"/>
<pin id="194" dir="0" index="18" bw="0" slack="0"/>
<pin id="204" dir="0" index="20" bw="8" slack="2147483647"/>
<pin id="205" dir="0" index="21" bw="8" slack="0"/>
<pin id="206" dir="0" index="22" bw="0" slack="2147483647"/>
<pin id="216" dir="0" index="24" bw="8" slack="0"/>
<pin id="217" dir="0" index="25" bw="8" slack="2147483647"/>
<pin id="218" dir="0" index="26" bw="0" slack="0"/>
<pin id="228" dir="0" index="28" bw="8" slack="2147483647"/>
<pin id="229" dir="0" index="29" bw="8" slack="0"/>
<pin id="230" dir="0" index="30" bw="0" slack="2147483647"/>
<pin id="240" dir="0" index="32" bw="8" slack="0"/>
<pin id="241" dir="0" index="33" bw="8" slack="2147483647"/>
<pin id="242" dir="0" index="34" bw="0" slack="0"/>
<pin id="252" dir="0" index="36" bw="8" slack="2147483647"/>
<pin id="253" dir="0" index="37" bw="8" slack="0"/>
<pin id="254" dir="0" index="38" bw="0" slack="2147483647"/>
<pin id="264" dir="0" index="40" bw="8" slack="0"/>
<pin id="265" dir="0" index="41" bw="8" slack="2147483647"/>
<pin id="266" dir="0" index="42" bw="0" slack="2147483647"/>
<pin id="276" dir="0" index="44" bw="8" slack="2147483647"/>
<pin id="277" dir="0" index="45" bw="8" slack="2147483647"/>
<pin id="278" dir="0" index="46" bw="0" slack="2147483647"/>
<pin id="288" dir="0" index="48" bw="8" slack="2147483647"/>
<pin id="289" dir="0" index="49" bw="8" slack="2147483647"/>
<pin id="290" dir="0" index="50" bw="0" slack="2147483647"/>
<pin id="300" dir="0" index="52" bw="8" slack="2147483647"/>
<pin id="301" dir="0" index="53" bw="8" slack="2147483647"/>
<pin id="302" dir="0" index="54" bw="0" slack="2147483647"/>
<pin id="312" dir="0" index="56" bw="8" slack="2147483647"/>
<pin id="313" dir="0" index="57" bw="8" slack="2147483647"/>
<pin id="314" dir="0" index="58" bw="0" slack="2147483647"/>
<pin id="324" dir="0" index="60" bw="8" slack="2147483647"/>
<pin id="325" dir="0" index="61" bw="8" slack="2147483647"/>
<pin id="326" dir="0" index="62" bw="0" slack="2147483647"/>
<pin id="147" dir="1" index="3" bw="8" slack="0"/>
<pin id="159" dir="1" index="7" bw="8" slack="0"/>
<pin id="171" dir="1" index="11" bw="8" slack="0"/>
<pin id="183" dir="1" index="15" bw="8" slack="0"/>
<pin id="195" dir="1" index="19" bw="8" slack="0"/>
<pin id="207" dir="1" index="23" bw="8" slack="0"/>
<pin id="219" dir="1" index="27" bw="8" slack="0"/>
<pin id="231" dir="1" index="31" bw="8" slack="0"/>
<pin id="243" dir="1" index="35" bw="8" slack="0"/>
<pin id="255" dir="1" index="39" bw="8" slack="0"/>
<pin id="267" dir="1" index="43" bw="8" slack="0"/>
<pin id="279" dir="1" index="47" bw="8" slack="0"/>
<pin id="291" dir="1" index="51" bw="8" slack="0"/>
<pin id="303" dir="1" index="55" bw="8" slack="0"/>
<pin id="315" dir="1" index="59" bw="8" slack="0"/>
<pin id="327" dir="1" index="63" bw="8" slack="0"/>
</pin_list>
<bind>
<opcode="load(27) " fcode="load"/>
<opset="sbox_load/1 sbox_load_1/1 sbox_load_2/1 sbox_load_3/1 sbox_load_4/1 sbox_load_5/1 sbox_load_6/1 sbox_load_7/1 sbox_load_8/1 sbox_load_9/1 sbox_load_10/1 sbox_load_11/1 sbox_load_12/1 sbox_load_13/1 sbox_load_14/1 sbox_load_15/1 "/>
</bind>
</comp>

<comp id="149" class="1004" name="sbox_addr_1_gep_fu_149">
<pin_list>
<pin id="150" dir="0" index="0" bw="8" slack="0"/>
<pin id="151" dir="0" index="1" bw="1" slack="0"/>
<pin id="152" dir="0" index="2" bw="8" slack="0"/>
<pin id="153" dir="1" index="3" bw="8" slack="0"/>
</pin_list>
<bind>
<opcode="getelementptr(29) " fcode="getelementptr"/>
<opset="sbox_addr_1/1 "/>
</bind>
</comp>

<comp id="161" class="1004" name="sbox_addr_2_gep_fu_161">
<pin_list>
<pin id="162" dir="0" index="0" bw="8" slack="0"/>
<pin id="163" dir="0" index="1" bw="1" slack="0"/>
<pin id="164" dir="0" index="2" bw="8" slack="0"/>
<pin id="165" dir="1" index="3" bw="8" slack="0"/>
</pin_list>
<bind>
<opcode="getelementptr(29) " fcode="getelementptr"/>
<opset="sbox_addr_2/1 "/>
</bind>
</comp>

<comp id="173" class="1004" name="sbox_addr_3_gep_fu_173">
<pin_list>
<pin id="174" dir="0" index="0" bw="8" slack="0"/>
<pin id="175" dir="0" index="1" bw="1" slack="0"/>
<pin id="176" dir="0" index="2" bw="8" slack="0"/>
<pin id="177" dir="1" index="3" bw="8" slack="0"/>
</pin_list>
<bind>
<opcode="getelementptr(29) " fcode="getelementptr"/>
<opset="sbox_addr_3/1 "/>
</bind>
</comp>

<comp id="185" class="1004" name="sbox_addr_4_gep_fu_185">
<pin_list>
<pin id="186" dir="0" index="0" bw="8" slack="0"/>
<pin id="187" dir="0" index="1" bw="1" slack="0"/>
<pin id="188" dir="0" index="2" bw="8" slack="0"/>
<pin id="189" dir="1" index="3" bw="8" slack="0"/>
</pin_list>
<bind>
<opcode="getelementptr(29) " fcode="getelementptr"/>
<opset="sbox_addr_4/1 "/>
</bind>
</comp>

<comp id="197" class="1004" name="sbox_addr_5_gep_fu_197">
<pin_list>
<pin id="198" dir="0" index="0" bw="8" slack="0"/>
<pin id="199" dir="0" index="1" bw="1" slack="0"/>
<pin id="200" dir="0" index="2" bw="8" slack="0"/>
<pin id="201" dir="1" index="3" bw="8" slack="0"/>
</pin_list>
<bind>
<opcode="getelementptr(29) " fcode="getelementptr"/>
<opset="sbox_addr_5/1 "/>
</bind>
</comp>

<comp id="209" class="1004" name="sbox_addr_6_gep_fu_209">
<pin_list>
<pin id="210" dir="0" index="0" bw="8" slack="0"/>
<pin id="211" dir="0" index="1" bw="1" slack="0"/>
<pin id="212" dir="0" index="2" bw="8" slack="0"/>
<pin id="213" dir="1" index="3" bw="8" slack="0"/>
</pin_list>
<bind>
<opcode="getelementptr(29) " fcode="getelementptr"/>
<opset="sbox_addr_6/1 "/>
</bind>
</comp>

<comp id="221" class="1004" name="sbox_addr_7_gep_fu_221">
<pin_list>
<pin id="222" dir="0" index="0" bw="8" slack="0"/>
<pin id="223" dir="0" index="1" bw="1" slack="0"/>
<pin id="224" dir="0" index="2" bw="8" slack="0"/>
<pin id="225" dir="1" index="3" bw="8" slack="0"/>
</pin_list>
<bind>
<opcode="getelementptr(29) " fcode="getelementptr"/>
<opset="sbox_addr_7/1 "/>
</bind>
</comp>

<comp id="233" class="1004" name="sbox_addr_8_gep_fu_233">
<pin_list>
<pin id="234" dir="0" index="0" bw="8" slack="0"/>
<pin id="235" dir="0" index="1" bw="1" slack="0"/>
<pin id="236" dir="0" index="2" bw="8" slack="0"/>
<pin id="237" dir="1" index="3" bw="8" slack="0"/>
</pin_list>
<bind>
<opcode="getelementptr(29) " fcode="getelementptr"/>
<opset="sbox_addr_8/1 "/>
</bind>
</comp>

<comp id="245" class="1004" name="sbox_addr_9_gep_fu_245">
<pin_list>
<pin id="246" dir="0" index="0" bw="8" slack="0"/>
<pin id="247" dir="0" index="1" bw="1" slack="0"/>
<pin id="248" dir="0" index="2" bw="8" slack="0"/>
<pin id="249" dir="1" index="3" bw="8" slack="0"/>
</pin_list>
<bind>
<opcode="getelementptr(29) " fcode="getelementptr"/>
<opset="sbox_addr_9/1 "/>
</bind>
</comp>

<comp id="257" class="1004" name="sbox_addr_10_gep_fu_257">
<pin_list>
<pin id="258" dir="0" index="0" bw="8" slack="0"/>
<pin id="259" dir="0" index="1" bw="1" slack="0"/>
<pin id="260" dir="0" index="2" bw="8" slack="0"/>
<pin id="261" dir="1" index="3" bw="8" slack="0"/>
</pin_list>
<bind>
<opcode="getelementptr(29) " fcode="getelementptr"/>
<opset="sbox_addr_10/1 "/>
</bind>
</comp>

<comp id="269" class="1004" name="sbox_addr_11_gep_fu_269">
<pin_list>
<pin id="270" dir="0" index="0" bw="8" slack="0"/>
<pin id="271" dir="0" index="1" bw="1" slack="0"/>
<pin id="272" dir="0" index="2" bw="8" slack="0"/>
<pin id="273" dir="1" index="3" bw="8" slack="0"/>
</pin_list>
<bind>
<opcode="getelementptr(29) " fcode="getelementptr"/>
<opset="sbox_addr_11/1 "/>
</bind>
</comp>

<comp id="281" class="1004" name="sbox_addr_12_gep_fu_281">
<pin_list>
<pin id="282" dir="0" index="0" bw="8" slack="0"/>
<pin id="283" dir="0" index="1" bw="1" slack="0"/>
<pin id="284" dir="0" index="2" bw="8" slack="0"/>
<pin id="285" dir="1" index="3" bw="8" slack="0"/>
</pin_list>
<bind>
<opcode="getelementptr(29) " fcode="getelementptr"/>
<opset="sbox_addr_12/1 "/>
</bind>
</comp>

<comp id="293" class="1004" name="sbox_addr_13_gep_fu_293">
<pin_list>
<pin id="294" dir="0" index="0" bw="8" slack="0"/>
<pin id="295" dir="0" index="1" bw="1" slack="0"/>
<pin id="296" dir="0" index="2" bw="8" slack="0"/>
<pin id="297" dir="1" index="3" bw="8" slack="0"/>
</pin_list>
<bind>
<opcode="getelementptr(29) " fcode="getelementptr"/>
<opset="sbox_addr_13/1 "/>
</bind>
</comp>

<comp id="305" class="1004" name="sbox_addr_14_gep_fu_305">
<pin_list>
<pin id="306" dir="0" index="0" bw="8" slack="0"/>
<pin id="307" dir="0" index="1" bw="1" slack="0"/>
<pin id="308" dir="0" index="2" bw="8" slack="0"/>
<pin id="309" dir="1" index="3" bw="8" slack="0"/>
</pin_list>
<bind>
<opcode="getelementptr(29) " fcode="getelementptr"/>
<opset="sbox_addr_14/1 "/>
</bind>
</comp>

<comp id="317" class="1004" name="sbox_addr_15_gep_fu_317">
<pin_list>
<pin id="318" dir="0" index="0" bw="8" slack="0"/>
<pin id="319" dir="0" index="1" bw="1" slack="0"/>
<pin id="320" dir="0" index="2" bw="8" slack="0"/>
<pin id="321" dir="1" index="3" bw="8" slack="0"/>
</pin_list>
<bind>
<opcode="getelementptr(29) " fcode="getelementptr"/>
<opset="sbox_addr_15/1 "/>
</bind>
</comp>

<comp id="329" class="1004" name="zext_ln276_fu_329">
<pin_list>
<pin id="330" dir="0" index="0" bw="8" slack="0"/>
<pin id="331" dir="1" index="1" bw="64" slack="0"/>
</pin_list>
<bind>
<opcode="zext(34) " fcode="zext"/>
<opset="zext_ln276/1 "/>
</bind>
</comp>

<comp id="334" class="1004" name="zext_ln276_1_fu_334">
<pin_list>
<pin id="335" dir="0" index="0" bw="8" slack="0"/>
<pin id="336" dir="1" index="1" bw="64" slack="0"/>
</pin_list>
<bind>
<opcode="zext(34) " fcode="zext"/>
<opset="zext_ln276_1/1 "/>
</bind>
</comp>

<comp id="339" class="1004" name="zext_ln276_2_fu_339">
<pin_list>
<pin id="340" dir="0" index="0" bw="8" slack="0"/>
<pin id="341" dir="1" index="1" bw="64" slack="0"/>
</pin_list>
<bind>
<opcode="zext(34) " fcode="zext"/>
<opset="zext_ln276_2/1 "/>
</bind>
</comp>

<comp id="344" class="1004" name="zext_ln276_3_fu_344">
<pin_list>
<pin id="345" dir="0" index="0" bw="8" slack="0"/>
<pin id="346" dir="1" index="1" bw="64" slack="0"/>
</pin_list>
<bind>
<opcode="zext(34) " fcode="zext"/>
<opset="zext_ln276_3/1 "/>
</bind>
</comp>

<comp id="349" class="1004" name="zext_ln276_4_fu_349">
<pin_list>
<pin id="350" dir="0" index="0" bw="8" slack="0"/>
<pin id="351" dir="1" index="1" bw="64" slack="0"/>
</pin_list>
<bind>
<opcode="zext(34) " fcode="zext"/>
<opset="zext_ln276_4/1 "/>
</bind>
</comp>

<comp id="354" class="1004" name="zext_ln276_5_fu_354">
<pin_list>
<pin id="355" dir="0" index="0" bw="8" slack="0"/>
<pin id="356" dir="1" index="1" bw="64" slack="0"/>
</pin_list>
<bind>
<opcode="zext(34) " fcode="zext"/>
<opset="zext_ln276_5/1 "/>
</bind>
</comp>

<comp id="359" class="1004" name="zext_ln276_6_fu_359">
<pin_list>
<pin id="360" dir="0" index="0" bw="8" slack="0"/>
<pin id="361" dir="1" index="1" bw="64" slack="0"/>
</pin_list>
<bind>
<opcode="zext(34) " fcode="zext"/>
<opset="zext_ln276_6/1 "/>
</bind>
</comp>

<comp id="364" class="1004" name="zext_ln276_7_fu_364">
<pin_list>
<pin id="365" dir="0" index="0" bw="8" slack="0"/>
<pin id="366" dir="1" index="1" bw="64" slack="0"/>
</pin_list>
<bind>
<opcode="zext(34) " fcode="zext"/>
<opset="zext_ln276_7/1 "/>
</bind>
</comp>

<comp id="369" class="1004" name="zext_ln276_8_fu_369">
<pin_list>
<pin id="370" dir="0" index="0" bw="8" slack="0"/>
<pin id="371" dir="1" index="1" bw="64" slack="0"/>
</pin_list>
<bind>
<opcode="zext(34) " fcode="zext"/>
<opset="zext_ln276_8/1 "/>
</bind>
</comp>

<comp id="374" class="1004" name="zext_ln276_9_fu_374">
<pin_list>
<pin id="375" dir="0" index="0" bw="8" slack="0"/>
<pin id="376" dir="1" index="1" bw="64" slack="0"/>
</pin_list>
<bind>
<opcode="zext(34) " fcode="zext"/>
<opset="zext_ln276_9/1 "/>
</bind>
</comp>

<comp id="379" class="1004" name="zext_ln276_10_fu_379">
<pin_list>
<pin id="380" dir="0" index="0" bw="8" slack="0"/>
<pin id="381" dir="1" index="1" bw="64" slack="0"/>
</pin_list>
<bind>
<opcode="zext(34) " fcode="zext"/>
<opset="zext_ln276_10/1 "/>
</bind>
</comp>

<comp id="384" class="1004" name="zext_ln276_11_fu_384">
<pin_list>
<pin id="385" dir="0" index="0" bw="8" slack="0"/>
<pin id="386" dir="1" index="1" bw="64" slack="0"/>
</pin_list>
<bind>
<opcode="zext(34) " fcode="zext"/>
<opset="zext_ln276_11/1 "/>
</bind>
</comp>

<comp id="389" class="1004" name="zext_ln276_12_fu_389">
<pin_list>
<pin id="390" dir="0" index="0" bw="8" slack="0"/>
<pin id="391" dir="1" index="1" bw="64" slack="0"/>
</pin_list>
<bind>
<opcode="zext(34) " fcode="zext"/>
<opset="zext_ln276_12/1 "/>
</bind>
</comp>

<comp id="394" class="1004" name="zext_ln276_13_fu_394">
<pin_list>
<pin id="395" dir="0" index="0" bw="8" slack="0"/>
<pin id="396" dir="1" index="1" bw="64" slack="0"/>
</pin_list>
<bind>
<opcode="zext(34) " fcode="zext"/>
<opset="zext_ln276_13/1 "/>
</bind>
</comp>

<comp id="399" class="1004" name="zext_ln276_14_fu_399">
<pin_list>
<pin id="400" dir="0" index="0" bw="8" slack="0"/>
<pin id="401" dir="1" index="1" bw="64" slack="0"/>
</pin_list>
<bind>
<opcode="zext(34) " fcode="zext"/>
<opset="zext_ln276_14/1 "/>
</bind>
</comp>

<comp id="404" class="1004" name="zext_ln276_15_fu_404">
<pin_list>
<pin id="405" dir="0" index="0" bw="8" slack="0"/>
<pin id="406" dir="1" index="1" bw="64" slack="0"/>
</pin_list>
<bind>
<opcode="zext(34) " fcode="zext"/>
<opset="zext_ln276_15/1 "/>
</bind>
</comp>

<comp id="409" class="1004" name="mrv_fu_409">
<pin_list>
<pin id="410" dir="0" index="0" bw="128" slack="0"/>
<pin id="411" dir="0" index="1" bw="8" slack="0"/>
<pin id="412" dir="1" index="2" bw="128" slack="0"/>
</pin_list>
<bind>
<opcode="insertvalue(57) " fcode="insertvalue"/>
<opset="mrv/2 "/>
</bind>
</comp>

<comp id="415" class="1004" name="mrv_1_fu_415">
<pin_list>
<pin id="416" dir="0" index="0" bw="128" slack="0"/>
<pin id="417" dir="0" index="1" bw="8" slack="0"/>
<pin id="418" dir="1" index="2" bw="128" slack="0"/>
</pin_list>
<bind>
<opcode="insertvalue(57) " fcode="insertvalue"/>
<opset="mrv_1/2 "/>
</bind>
</comp>

<comp id="421" class="1004" name="mrv_2_fu_421">
<pin_list>
<pin id="422" dir="0" index="0" bw="128" slack="0"/>
<pin id="423" dir="0" index="1" bw="8" slack="0"/>
<pin id="424" dir="1" index="2" bw="128" slack="0"/>
</pin_list>
<bind>
<opcode="insertvalue(57) " fcode="insertvalue"/>
<opset="mrv_2/2 "/>
</bind>
</comp>

<comp id="427" class="1004" name="mrv_3_fu_427">
<pin_list>
<pin id="428" dir="0" index="0" bw="128" slack="0"/>
<pin id="429" dir="0" index="1" bw="8" slack="0"/>
<pin id="430" dir="1" index="2" bw="128" slack="0"/>
</pin_list>
<bind>
<opcode="insertvalue(57) " fcode="insertvalue"/>
<opset="mrv_3/2 "/>
</bind>
</comp>

<comp id="433" class="1004" name="mrv_4_fu_433">
<pin_list>
<pin id="434" dir="0" index="0" bw="128" slack="0"/>
<pin id="435" dir="0" index="1" bw="8" slack="0"/>
<pin id="436" dir="1" index="2" bw="128" slack="0"/>
</pin_list>
<bind>
<opcode="insertvalue(57) " fcode="insertvalue"/>
<opset="mrv_4/2 "/>
</bind>
</comp>

<comp id="439" class="1004" name="mrv_5_fu_439">
<pin_list>
<pin id="440" dir="0" index="0" bw="128" slack="0"/>
<pin id="441" dir="0" index="1" bw="8" slack="0"/>
<pin id="442" dir="1" index="2" bw="128" slack="0"/>
</pin_list>
<bind>
<opcode="insertvalue(57) " fcode="insertvalue"/>
<opset="mrv_5/2 "/>
</bind>
</comp>

<comp id="445" class="1004" name="mrv_6_fu_445">
<pin_list>
<pin id="446" dir="0" index="0" bw="128" slack="0"/>
<pin id="447" dir="0" index="1" bw="8" slack="0"/>
<pin id="448" dir="1" index="2" bw="128" slack="0"/>
</pin_list>
<bind>
<opcode="insertvalue(57) " fcode="insertvalue"/>
<opset="mrv_6/2 "/>
</bind>
</comp>

<comp id="451" class="1004" name="mrv_7_fu_451">
<pin_list>
<pin id="452" dir="0" index="0" bw="128" slack="0"/>
<pin id="453" dir="0" index="1" bw="8" slack="0"/>
<pin id="454" dir="1" index="2" bw="128" slack="0"/>
</pin_list>
<bind>
<opcode="insertvalue(57) " fcode="insertvalue"/>
<opset="mrv_7/2 "/>
</bind>
</comp>

<comp id="457" class="1004" name="mrv_8_fu_457">
<pin_list>
<pin id="458" dir="0" index="0" bw="128" slack="0"/>
<pin id="459" dir="0" index="1" bw="8" slack="0"/>
<pin id="460" dir="1" index="2" bw="128" slack="0"/>
</pin_list>
<bind>
<opcode="insertvalue(57) " fcode="insertvalue"/>
<opset="mrv_8/2 "/>
</bind>
</comp>

<comp id="463" class="1004" name="mrv_9_fu_463">
<pin_list>
<pin id="464" dir="0" index="0" bw="128" slack="0"/>
<pin id="465" dir="0" index="1" bw="8" slack="0"/>
<pin id="466" dir="1" index="2" bw="128" slack="0"/>
</pin_list>
<bind>
<opcode="insertvalue(57) " fcode="insertvalue"/>
<opset="mrv_9/2 "/>
</bind>
</comp>

<comp id="469" class="1004" name="mrv_10_fu_469">
<pin_list>
<pin id="470" dir="0" index="0" bw="128" slack="0"/>
<pin id="471" dir="0" index="1" bw="8" slack="0"/>
<pin id="472" dir="1" index="2" bw="128" slack="0"/>
</pin_list>
<bind>
<opcode="insertvalue(57) " fcode="insertvalue"/>
<opset="mrv_10/2 "/>
</bind>
</comp>

<comp id="475" class="1004" name="mrv_11_fu_475">
<pin_list>
<pin id="476" dir="0" index="0" bw="128" slack="0"/>
<pin id="477" dir="0" index="1" bw="8" slack="0"/>
<pin id="478" dir="1" index="2" bw="128" slack="0"/>
</pin_list>
<bind>
<opcode="insertvalue(57) " fcode="insertvalue"/>
<opset="mrv_11/2 "/>
</bind>
</comp>

<comp id="481" class="1004" name="mrv_12_fu_481">
<pin_list>
<pin id="482" dir="0" index="0" bw="128" slack="0"/>
<pin id="483" dir="0" index="1" bw="8" slack="0"/>
<pin id="484" dir="1" index="2" bw="128" slack="0"/>
</pin_list>
<bind>
<opcode="insertvalue(57) " fcode="insertvalue"/>
<opset="mrv_12/2 "/>
</bind>
</comp>

<comp id="487" class="1004" name="mrv_13_fu_487">
<pin_list>
<pin id="488" dir="0" index="0" bw="128" slack="0"/>
<pin id="489" dir="0" index="1" bw="8" slack="0"/>
<pin id="490" dir="1" index="2" bw="128" slack="0"/>
</pin_list>
<bind>
<opcode="insertvalue(57) " fcode="insertvalue"/>
<opset="mrv_13/2 "/>
</bind>
</comp>

<comp id="493" class="1004" name="mrv_14_fu_493">
<pin_list>
<pin id="494" dir="0" index="0" bw="128" slack="0"/>
<pin id="495" dir="0" index="1" bw="8" slack="0"/>
<pin id="496" dir="1" index="2" bw="128" slack="0"/>
</pin_list>
<bind>
<opcode="insertvalue(57) " fcode="insertvalue"/>
<opset="mrv_14/2 "/>
</bind>
</comp>

<comp id="499" class="1004" name="mrv_s_fu_499">
<pin_list>
<pin id="500" dir="0" index="0" bw="128" slack="0"/>
<pin id="501" dir="0" index="1" bw="8" slack="0"/>
<pin id="502" dir="1" index="2" bw="128" slack="2147483647"/>
</pin_list>
<bind>
<opcode="insertvalue(57) " fcode="insertvalue"/>
<opset="mrv_s/2 "/>
</bind>
</comp>

<comp id="505" class="1005" name="sbox_addr_reg_505">
<pin_list>
<pin id="506" dir="0" index="0" bw="8" slack="1"/>
<pin id="507" dir="1" index="1" bw="8" slack="1"/>
</pin_list>
<bind>
<opset="sbox_addr "/>
</bind>
</comp>

<comp id="510" class="1005" name="sbox_addr_1_reg_510">
<pin_list>
<pin id="511" dir="0" index="0" bw="8" slack="1"/>
<pin id="512" dir="1" index="1" bw="8" slack="1"/>
</pin_list>
<bind>
<opset="sbox_addr_1 "/>
</bind>
</comp>

<comp id="515" class="1005" name="sbox_addr_2_reg_515">
<pin_list>
<pin id="516" dir="0" index="0" bw="8" slack="1"/>
<pin id="517" dir="1" index="1" bw="8" slack="1"/>
</pin_list>
<bind>
<opset="sbox_addr_2 "/>
</bind>
</comp>

<comp id="520" class="1005" name="sbox_addr_3_reg_520">
<pin_list>
<pin id="521" dir="0" index="0" bw="8" slack="1"/>
<pin id="522" dir="1" index="1" bw="8" slack="1"/>
</pin_list>
<bind>
<opset="sbox_addr_3 "/>
</bind>
</comp>

<comp id="525" class="1005" name="sbox_addr_4_reg_525">
<pin_list>
<pin id="526" dir="0" index="0" bw="8" slack="1"/>
<pin id="527" dir="1" index="1" bw="8" slack="1"/>
</pin_list>
<bind>
<opset="sbox_addr_4 "/>
</bind>
</comp>

<comp id="530" class="1005" name="sbox_addr_5_reg_530">
<pin_list>
<pin id="531" dir="0" index="0" bw="8" slack="1"/>
<pin id="532" dir="1" index="1" bw="8" slack="1"/>
</pin_list>
<bind>
<opset="sbox_addr_5 "/>
</bind>
</comp>

<comp id="535" class="1005" name="sbox_addr_6_reg_535">
<pin_list>
<pin id="536" dir="0" index="0" bw="8" slack="1"/>
<pin id="537" dir="1" index="1" bw="8" slack="1"/>
</pin_list>
<bind>
<opset="sbox_addr_6 "/>
</bind>
</comp>

<comp id="540" class="1005" name="sbox_addr_7_reg_540">
<pin_list>
<pin id="541" dir="0" index="0" bw="8" slack="1"/>
<pin id="542" dir="1" index="1" bw="8" slack="1"/>
</pin_list>
<bind>
<opset="sbox_addr_7 "/>
</bind>
</comp>

<comp id="545" class="1005" name="sbox_addr_8_reg_545">
<pin_list>
<pin id="546" dir="0" index="0" bw="8" slack="1"/>
<pin id="547" dir="1" index="1" bw="8" slack="1"/>
</pin_list>
<bind>
<opset="sbox_addr_8 "/>
</bind>
</comp>

<comp id="550" class="1005" name="sbox_addr_9_reg_550">
<pin_list>
<pin id="551" dir="0" index="0" bw="8" slack="1"/>
<pin id="552" dir="1" index="1" bw="8" slack="1"/>
</pin_list>
<bind>
<opset="sbox_addr_9 "/>
</bind>
</comp>

<comp id="555" class="1005" name="sbox_addr_10_reg_555">
<pin_list>
<pin id="556" dir="0" index="0" bw="8" slack="1"/>
<pin id="557" dir="1" index="1" bw="8" slack="1"/>
</pin_list>
<bind>
<opset="sbox_addr_10 "/>
</bind>
</comp>

<comp id="560" class="1005" name="sbox_addr_11_reg_560">
<pin_list>
<pin id="561" dir="0" index="0" bw="8" slack="1"/>
<pin id="562" dir="1" index="1" bw="8" slack="1"/>
</pin_list>
<bind>
<opset="sbox_addr_11 "/>
</bind>
</comp>

<comp id="565" class="1005" name="sbox_addr_12_reg_565">
<pin_list>
<pin id="566" dir="0" index="0" bw="8" slack="1"/>
<pin id="567" dir="1" index="1" bw="8" slack="1"/>
</pin_list>
<bind>
<opset="sbox_addr_12 "/>
</bind>
</comp>

<comp id="570" class="1005" name="sbox_addr_13_reg_570">
<pin_list>
<pin id="571" dir="0" index="0" bw="8" slack="1"/>
<pin id="572" dir="1" index="1" bw="8" slack="1"/>
</pin_list>
<bind>
<opset="sbox_addr_13 "/>
</bind>
</comp>

<comp id="575" class="1005" name="sbox_addr_14_reg_575">
<pin_list>
<pin id="576" dir="0" index="0" bw="8" slack="1"/>
<pin id="577" dir="1" index="1" bw="8" slack="1"/>
</pin_list>
<bind>
<opset="sbox_addr_14 "/>
</bind>
</comp>

<comp id="580" class="1005" name="sbox_addr_15_reg_580">
<pin_list>
<pin id="581" dir="0" index="0" bw="8" slack="1"/>
<pin id="582" dir="1" index="1" bw="8" slack="1"/>
</pin_list>
<bind>
<opset="sbox_addr_15 "/>
</bind>
</comp>

</comp_list>

<net_list>
<net id="44"><net_src comp="34" pin="0"/><net_sink comp="40" pin=0"/></net>

<net id="45"><net_src comp="30" pin="0"/><net_sink comp="40" pin=1"/></net>

<net id="50"><net_src comp="34" pin="0"/><net_sink comp="46" pin=0"/></net>

<net id="51"><net_src comp="28" pin="0"/><net_sink comp="46" pin=1"/></net>

<net id="56"><net_src comp="34" pin="0"/><net_sink comp="52" pin=0"/></net>

<net id="57"><net_src comp="26" pin="0"/><net_sink comp="52" pin=1"/></net>

<net id="62"><net_src comp="34" pin="0"/><net_sink comp="58" pin=0"/></net>

<net id="63"><net_src comp="24" pin="0"/><net_sink comp="58" pin=1"/></net>

<net id="68"><net_src comp="34" pin="0"/><net_sink comp="64" pin=0"/></net>

<net id="69"><net_src comp="22" pin="0"/><net_sink comp="64" pin=1"/></net>

<net id="74"><net_src comp="34" pin="0"/><net_sink comp="70" pin=0"/></net>

<net id="75"><net_src comp="20" pin="0"/><net_sink comp="70" pin=1"/></net>

<net id="80"><net_src comp="34" pin="0"/><net_sink comp="76" pin=0"/></net>

<net id="81"><net_src comp="18" pin="0"/><net_sink comp="76" pin=1"/></net>

<net id="86"><net_src comp="34" pin="0"/><net_sink comp="82" pin=0"/></net>

<net id="87"><net_src comp="16" pin="0"/><net_sink comp="82" pin=1"/></net>

<net id="92"><net_src comp="34" pin="0"/><net_sink comp="88" pin=0"/></net>

<net id="93"><net_src comp="14" pin="0"/><net_sink comp="88" pin=1"/></net>

<net id="98"><net_src comp="34" pin="0"/><net_sink comp="94" pin=0"/></net>

<net id="99"><net_src comp="12" pin="0"/><net_sink comp="94" pin=1"/></net>

<net id="104"><net_src comp="34" pin="0"/><net_sink comp="100" pin=0"/></net>

<net id="105"><net_src comp="10" pin="0"/><net_sink comp="100" pin=1"/></net>

<net id="110"><net_src comp="34" pin="0"/><net_sink comp="106" pin=0"/></net>

<net id="111"><net_src comp="8" pin="0"/><net_sink comp="106" pin=1"/></net>

<net id="116"><net_src comp="34" pin="0"/><net_sink comp="112" pin=0"/></net>

<net id="117"><net_src comp="6" pin="0"/><net_sink comp="112" pin=1"/></net>

<net id="122"><net_src comp="34" pin="0"/><net_sink comp="118" pin=0"/></net>

<net id="123"><net_src comp="4" pin="0"/><net_sink comp="118" pin=1"/></net>

<net id="128"><net_src comp="34" pin="0"/><net_sink comp="124" pin=0"/></net>

<net id="129"><net_src comp="2" pin="0"/><net_sink comp="124" pin=1"/></net>

<net id="134"><net_src comp="34" pin="0"/><net_sink comp="130" pin=0"/></net>

<net id="135"><net_src comp="0" pin="0"/><net_sink comp="130" pin=1"/></net>

<net id="141"><net_src comp="32" pin="0"/><net_sink comp="136" pin=0"/></net>

<net id="142"><net_src comp="36" pin="0"/><net_sink comp="136" pin=1"/></net>

<net id="148"><net_src comp="136" pin="3"/><net_sink comp="143" pin=0"/></net>

<net id="154"><net_src comp="32" pin="0"/><net_sink comp="149" pin=0"/></net>

<net id="155"><net_src comp="36" pin="0"/><net_sink comp="149" pin=1"/></net>

<net id="160"><net_src comp="149" pin="3"/><net_sink comp="143" pin=2"/></net>

<net id="166"><net_src comp="32" pin="0"/><net_sink comp="161" pin=0"/></net>

<net id="167"><net_src comp="36" pin="0"/><net_sink comp="161" pin=1"/></net>

<net id="172"><net_src comp="161" pin="3"/><net_sink comp="143" pin=5"/></net>

<net id="178"><net_src comp="32" pin="0"/><net_sink comp="173" pin=0"/></net>

<net id="179"><net_src comp="36" pin="0"/><net_sink comp="173" pin=1"/></net>

<net id="184"><net_src comp="173" pin="3"/><net_sink comp="143" pin=8"/></net>

<net id="190"><net_src comp="32" pin="0"/><net_sink comp="185" pin=0"/></net>

<net id="191"><net_src comp="36" pin="0"/><net_sink comp="185" pin=1"/></net>

<net id="196"><net_src comp="185" pin="3"/><net_sink comp="143" pin=10"/></net>

<net id="202"><net_src comp="32" pin="0"/><net_sink comp="197" pin=0"/></net>

<net id="203"><net_src comp="36" pin="0"/><net_sink comp="197" pin=1"/></net>

<net id="208"><net_src comp="197" pin="3"/><net_sink comp="143" pin=13"/></net>

<net id="214"><net_src comp="32" pin="0"/><net_sink comp="209" pin=0"/></net>

<net id="215"><net_src comp="36" pin="0"/><net_sink comp="209" pin=1"/></net>

<net id="220"><net_src comp="209" pin="3"/><net_sink comp="143" pin=16"/></net>

<net id="226"><net_src comp="32" pin="0"/><net_sink comp="221" pin=0"/></net>

<net id="227"><net_src comp="36" pin="0"/><net_sink comp="221" pin=1"/></net>

<net id="232"><net_src comp="221" pin="3"/><net_sink comp="143" pin=18"/></net>

<net id="238"><net_src comp="32" pin="0"/><net_sink comp="233" pin=0"/></net>

<net id="239"><net_src comp="36" pin="0"/><net_sink comp="233" pin=1"/></net>

<net id="244"><net_src comp="233" pin="3"/><net_sink comp="143" pin=21"/></net>

<net id="250"><net_src comp="32" pin="0"/><net_sink comp="245" pin=0"/></net>

<net id="251"><net_src comp="36" pin="0"/><net_sink comp="245" pin=1"/></net>

<net id="256"><net_src comp="245" pin="3"/><net_sink comp="143" pin=24"/></net>

<net id="262"><net_src comp="32" pin="0"/><net_sink comp="257" pin=0"/></net>

<net id="263"><net_src comp="36" pin="0"/><net_sink comp="257" pin=1"/></net>

<net id="268"><net_src comp="257" pin="3"/><net_sink comp="143" pin=26"/></net>

<net id="274"><net_src comp="32" pin="0"/><net_sink comp="269" pin=0"/></net>

<net id="275"><net_src comp="36" pin="0"/><net_sink comp="269" pin=1"/></net>

<net id="280"><net_src comp="269" pin="3"/><net_sink comp="143" pin=29"/></net>

<net id="286"><net_src comp="32" pin="0"/><net_sink comp="281" pin=0"/></net>

<net id="287"><net_src comp="36" pin="0"/><net_sink comp="281" pin=1"/></net>

<net id="292"><net_src comp="281" pin="3"/><net_sink comp="143" pin=32"/></net>

<net id="298"><net_src comp="32" pin="0"/><net_sink comp="293" pin=0"/></net>

<net id="299"><net_src comp="36" pin="0"/><net_sink comp="293" pin=1"/></net>

<net id="304"><net_src comp="293" pin="3"/><net_sink comp="143" pin=34"/></net>

<net id="310"><net_src comp="32" pin="0"/><net_sink comp="305" pin=0"/></net>

<net id="311"><net_src comp="36" pin="0"/><net_sink comp="305" pin=1"/></net>

<net id="316"><net_src comp="305" pin="3"/><net_sink comp="143" pin=37"/></net>

<net id="322"><net_src comp="32" pin="0"/><net_sink comp="317" pin=0"/></net>

<net id="323"><net_src comp="36" pin="0"/><net_sink comp="317" pin=1"/></net>

<net id="328"><net_src comp="317" pin="3"/><net_sink comp="143" pin=40"/></net>

<net id="332"><net_src comp="130" pin="2"/><net_sink comp="329" pin=0"/></net>

<net id="333"><net_src comp="329" pin="1"/><net_sink comp="136" pin=2"/></net>

<net id="337"><net_src comp="106" pin="2"/><net_sink comp="334" pin=0"/></net>

<net id="338"><net_src comp="334" pin="1"/><net_sink comp="149" pin=2"/></net>

<net id="342"><net_src comp="82" pin="2"/><net_sink comp="339" pin=0"/></net>

<net id="343"><net_src comp="339" pin="1"/><net_sink comp="161" pin=2"/></net>

<net id="347"><net_src comp="58" pin="2"/><net_sink comp="344" pin=0"/></net>

<net id="348"><net_src comp="344" pin="1"/><net_sink comp="173" pin=2"/></net>

<net id="352"><net_src comp="124" pin="2"/><net_sink comp="349" pin=0"/></net>

<net id="353"><net_src comp="349" pin="1"/><net_sink comp="185" pin=2"/></net>

<net id="357"><net_src comp="100" pin="2"/><net_sink comp="354" pin=0"/></net>

<net id="358"><net_src comp="354" pin="1"/><net_sink comp="197" pin=2"/></net>

<net id="362"><net_src comp="76" pin="2"/><net_sink comp="359" pin=0"/></net>

<net id="363"><net_src comp="359" pin="1"/><net_sink comp="209" pin=2"/></net>

<net id="367"><net_src comp="52" pin="2"/><net_sink comp="364" pin=0"/></net>

<net id="368"><net_src comp="364" pin="1"/><net_sink comp="221" pin=2"/></net>

<net id="372"><net_src comp="118" pin="2"/><net_sink comp="369" pin=0"/></net>

<net id="373"><net_src comp="369" pin="1"/><net_sink comp="233" pin=2"/></net>

<net id="377"><net_src comp="94" pin="2"/><net_sink comp="374" pin=0"/></net>

<net id="378"><net_src comp="374" pin="1"/><net_sink comp="245" pin=2"/></net>

<net id="382"><net_src comp="70" pin="2"/><net_sink comp="379" pin=0"/></net>

<net id="383"><net_src comp="379" pin="1"/><net_sink comp="257" pin=2"/></net>

<net id="387"><net_src comp="46" pin="2"/><net_sink comp="384" pin=0"/></net>

<net id="388"><net_src comp="384" pin="1"/><net_sink comp="269" pin=2"/></net>

<net id="392"><net_src comp="112" pin="2"/><net_sink comp="389" pin=0"/></net>

<net id="393"><net_src comp="389" pin="1"/><net_sink comp="281" pin=2"/></net>

<net id="397"><net_src comp="88" pin="2"/><net_sink comp="394" pin=0"/></net>

<net id="398"><net_src comp="394" pin="1"/><net_sink comp="293" pin=2"/></net>

<net id="402"><net_src comp="64" pin="2"/><net_sink comp="399" pin=0"/></net>

<net id="403"><net_src comp="399" pin="1"/><net_sink comp="305" pin=2"/></net>

<net id="407"><net_src comp="40" pin="2"/><net_sink comp="404" pin=0"/></net>

<net id="408"><net_src comp="404" pin="1"/><net_sink comp="317" pin=2"/></net>

<net id="413"><net_src comp="38" pin="0"/><net_sink comp="409" pin=0"/></net>

<net id="414"><net_src comp="143" pin="3"/><net_sink comp="409" pin=1"/></net>

<net id="419"><net_src comp="409" pin="2"/><net_sink comp="415" pin=0"/></net>

<net id="420"><net_src comp="143" pin="19"/><net_sink comp="415" pin=1"/></net>

<net id="425"><net_src comp="415" pin="2"/><net_sink comp="421" pin=0"/></net>

<net id="426"><net_src comp="143" pin="35"/><net_sink comp="421" pin=1"/></net>

<net id="431"><net_src comp="421" pin="2"/><net_sink comp="427" pin=0"/></net>

<net id="432"><net_src comp="143" pin="51"/><net_sink comp="427" pin=1"/></net>

<net id="437"><net_src comp="427" pin="2"/><net_sink comp="433" pin=0"/></net>

<net id="438"><net_src comp="143" pin="7"/><net_sink comp="433" pin=1"/></net>

<net id="443"><net_src comp="433" pin="2"/><net_sink comp="439" pin=0"/></net>

<net id="444"><net_src comp="143" pin="23"/><net_sink comp="439" pin=1"/></net>

<net id="449"><net_src comp="439" pin="2"/><net_sink comp="445" pin=0"/></net>

<net id="450"><net_src comp="143" pin="39"/><net_sink comp="445" pin=1"/></net>

<net id="455"><net_src comp="445" pin="2"/><net_sink comp="451" pin=0"/></net>

<net id="456"><net_src comp="143" pin="55"/><net_sink comp="451" pin=1"/></net>

<net id="461"><net_src comp="451" pin="2"/><net_sink comp="457" pin=0"/></net>

<net id="462"><net_src comp="143" pin="11"/><net_sink comp="457" pin=1"/></net>

<net id="467"><net_src comp="457" pin="2"/><net_sink comp="463" pin=0"/></net>

<net id="468"><net_src comp="143" pin="27"/><net_sink comp="463" pin=1"/></net>

<net id="473"><net_src comp="463" pin="2"/><net_sink comp="469" pin=0"/></net>

<net id="474"><net_src comp="143" pin="43"/><net_sink comp="469" pin=1"/></net>

<net id="479"><net_src comp="469" pin="2"/><net_sink comp="475" pin=0"/></net>

<net id="480"><net_src comp="143" pin="59"/><net_sink comp="475" pin=1"/></net>

<net id="485"><net_src comp="475" pin="2"/><net_sink comp="481" pin=0"/></net>

<net id="486"><net_src comp="143" pin="15"/><net_sink comp="481" pin=1"/></net>

<net id="491"><net_src comp="481" pin="2"/><net_sink comp="487" pin=0"/></net>

<net id="492"><net_src comp="143" pin="31"/><net_sink comp="487" pin=1"/></net>

<net id="497"><net_src comp="487" pin="2"/><net_sink comp="493" pin=0"/></net>

<net id="498"><net_src comp="143" pin="47"/><net_sink comp="493" pin=1"/></net>

<net id="503"><net_src comp="493" pin="2"/><net_sink comp="499" pin=0"/></net>

<net id="504"><net_src comp="143" pin="63"/><net_sink comp="499" pin=1"/></net>

<net id="508"><net_src comp="136" pin="3"/><net_sink comp="505" pin=0"/></net>

<net id="509"><net_src comp="505" pin="1"/><net_sink comp="143" pin=0"/></net>

<net id="513"><net_src comp="149" pin="3"/><net_sink comp="510" pin=0"/></net>

<net id="514"><net_src comp="510" pin="1"/><net_sink comp="143" pin=2"/></net>

<net id="518"><net_src comp="161" pin="3"/><net_sink comp="515" pin=0"/></net>

<net id="519"><net_src comp="515" pin="1"/><net_sink comp="143" pin=5"/></net>

<net id="523"><net_src comp="173" pin="3"/><net_sink comp="520" pin=0"/></net>

<net id="524"><net_src comp="520" pin="1"/><net_sink comp="143" pin=8"/></net>

<net id="528"><net_src comp="185" pin="3"/><net_sink comp="525" pin=0"/></net>

<net id="529"><net_src comp="525" pin="1"/><net_sink comp="143" pin=10"/></net>

<net id="533"><net_src comp="197" pin="3"/><net_sink comp="530" pin=0"/></net>

<net id="534"><net_src comp="530" pin="1"/><net_sink comp="143" pin=13"/></net>

<net id="538"><net_src comp="209" pin="3"/><net_sink comp="535" pin=0"/></net>

<net id="539"><net_src comp="535" pin="1"/><net_sink comp="143" pin=16"/></net>

<net id="543"><net_src comp="221" pin="3"/><net_sink comp="540" pin=0"/></net>

<net id="544"><net_src comp="540" pin="1"/><net_sink comp="143" pin=18"/></net>

<net id="548"><net_src comp="233" pin="3"/><net_sink comp="545" pin=0"/></net>

<net id="549"><net_src comp="545" pin="1"/><net_sink comp="143" pin=21"/></net>

<net id="553"><net_src comp="245" pin="3"/><net_sink comp="550" pin=0"/></net>

<net id="554"><net_src comp="550" pin="1"/><net_sink comp="143" pin=24"/></net>

<net id="558"><net_src comp="257" pin="3"/><net_sink comp="555" pin=0"/></net>

<net id="559"><net_src comp="555" pin="1"/><net_sink comp="143" pin=26"/></net>

<net id="563"><net_src comp="269" pin="3"/><net_sink comp="560" pin=0"/></net>

<net id="564"><net_src comp="560" pin="1"/><net_sink comp="143" pin=29"/></net>

<net id="568"><net_src comp="281" pin="3"/><net_sink comp="565" pin=0"/></net>

<net id="569"><net_src comp="565" pin="1"/><net_sink comp="143" pin=32"/></net>

<net id="573"><net_src comp="293" pin="3"/><net_sink comp="570" pin=0"/></net>

<net id="574"><net_src comp="570" pin="1"/><net_sink comp="143" pin=34"/></net>

<net id="578"><net_src comp="305" pin="3"/><net_sink comp="575" pin=0"/></net>

<net id="579"><net_src comp="575" pin="1"/><net_sink comp="143" pin=37"/></net>

<net id="583"><net_src comp="317" pin="3"/><net_sink comp="580" pin=0"/></net>

<net id="584"><net_src comp="580" pin="1"/><net_sink comp="143" pin=40"/></net>

</net_list>

</model> 
---------------- Datapath Model END ------------------

* FSMD analyzer results:
  - Output states:
 - Input state : 
	Port: SubBytes : state_0_0_read | {1 }
	Port: SubBytes : state_0_1_read | {1 }
	Port: SubBytes : state_0_2_read | {1 }
	Port: SubBytes : state_0_3_read | {1 }
	Port: SubBytes : state_1_0_read | {1 }
	Port: SubBytes : state_1_1_read | {1 }
	Port: SubBytes : state_1_2_read | {1 }
	Port: SubBytes : state_1_3_read | {1 }
	Port: SubBytes : state_2_0_read | {1 }
	Port: SubBytes : state_2_1_read | {1 }
	Port: SubBytes : state_2_2_read | {1 }
	Port: SubBytes : state_2_3_read | {1 }
	Port: SubBytes : state_3_0_read | {1 }
	Port: SubBytes : state_3_1_read | {1 }
	Port: SubBytes : state_3_2_read | {1 }
	Port: SubBytes : state_3_3_read | {1 }
	Port: SubBytes : sbox | {1 2 }
  - Chain level:
	State 1
		sbox_addr : 1
		sbox_load : 2
		sbox_addr_1 : 1
		sbox_load_1 : 2
		sbox_addr_2 : 1
		sbox_load_2 : 2
		sbox_addr_3 : 1
		sbox_load_3 : 2
		sbox_addr_4 : 1
		sbox_load_4 : 2
		sbox_addr_5 : 1
		sbox_load_5 : 2
		sbox_addr_6 : 1
		sbox_load_6 : 2
		sbox_addr_7 : 1
		sbox_load_7 : 2
		sbox_addr_8 : 1
		sbox_load_8 : 2
		sbox_addr_9 : 1
		sbox_load_9 : 2
		sbox_addr_10 : 1
		sbox_load_10 : 2
		sbox_addr_11 : 1
		sbox_load_11 : 2
		sbox_addr_12 : 1
		sbox_load_12 : 2
		sbox_addr_13 : 1
		sbox_load_13 : 2
		sbox_addr_14 : 1
		sbox_load_14 : 2
		sbox_addr_15 : 1
		sbox_load_15 : 2
	State 2
		mrv : 1
		mrv_1 : 2
		mrv_2 : 3
		mrv_3 : 4
		mrv_4 : 5
		mrv_5 : 6
		mrv_6 : 7
		mrv_7 : 8
		mrv_8 : 9
		mrv_9 : 10
		mrv_10 : 11
		mrv_11 : 12
		mrv_12 : 13
		mrv_13 : 14
		mrv_14 : 15
		mrv_s : 16
		ret_ln279 : 17


============================================================
+ Verbose Summary: Datapath Resource usage 
============================================================

* Functional unit list:
|----------|------------------------------|
| Operation|        Functional Unit       |
|----------|------------------------------|
|          |  state_3_3_read_1_read_fu_40 |
|          |  state_3_2_read_1_read_fu_46 |
|          |  state_3_1_read_1_read_fu_52 |
|          |  state_3_0_read_1_read_fu_58 |
|          |  state_2_3_read_1_read_fu_64 |
|          |  state_2_2_read_1_read_fu_70 |
|          |  state_2_1_read_1_read_fu_76 |
|   read   |  state_2_0_read_1_read_fu_82 |
|          |  state_1_3_read_1_read_fu_88 |
|          |  state_1_2_read_1_read_fu_94 |
|          | state_1_1_read_1_read_fu_100 |
|          | state_1_0_read_1_read_fu_106 |
|          | state_0_3_read_1_read_fu_112 |
|          | state_0_2_read_1_read_fu_118 |
|          | state_0_1_read_1_read_fu_124 |
|          | state_0_0_read_1_read_fu_130 |
|----------|------------------------------|
|          |       zext_ln276_fu_329      |
|          |      zext_ln276_1_fu_334     |
|          |      zext_ln276_2_fu_339     |
|          |      zext_ln276_3_fu_344     |
|          |      zext_ln276_4_fu_349     |
|          |      zext_ln276_5_fu_354     |
|          |      zext_ln276_6_fu_359     |
|   zext   |      zext_ln276_7_fu_364     |
|          |      zext_ln276_8_fu_369     |
|          |      zext_ln276_9_fu_374     |
|          |     zext_ln276_10_fu_379     |
|          |     zext_ln276_11_fu_384     |
|          |     zext_ln276_12_fu_389     |
|          |     zext_ln276_13_fu_394     |
|          |     zext_ln276_14_fu_399     |
|          |     zext_ln276_15_fu_404     |
|----------|------------------------------|
|          |          mrv_fu_409          |
|          |         mrv_1_fu_415         |
|          |         mrv_2_fu_421         |
|          |         mrv_3_fu_427         |
|          |         mrv_4_fu_433         |
|          |         mrv_5_fu_439         |
|          |         mrv_6_fu_445         |
|insertvalue|         mrv_7_fu_451         |
|          |         mrv_8_fu_457         |
|          |         mrv_9_fu_463         |
|          |         mrv_10_fu_469        |
|          |         mrv_11_fu_475        |
|          |         mrv_12_fu_481        |
|          |         mrv_13_fu_487        |
|          |         mrv_14_fu_493        |
|          |         mrv_s_fu_499         |
|----------|------------------------------|
|   Total  |                              |
|----------|------------------------------|

Memories:
N/A

* Register list:
+--------------------+--------+
|                    |   FF   |
+--------------------+--------+
|sbox_addr_10_reg_555|    8   |
|sbox_addr_11_reg_560|    8   |
|sbox_addr_12_reg_565|    8   |
|sbox_addr_13_reg_570|    8   |
|sbox_addr_14_reg_575|    8   |
|sbox_addr_15_reg_580|    8   |
| sbox_addr_1_reg_510|    8   |
| sbox_addr_2_reg_515|    8   |
| sbox_addr_3_reg_520|    8   |
| sbox_addr_4_reg_525|    8   |
| sbox_addr_5_reg_530|    8   |
| sbox_addr_6_reg_535|    8   |
| sbox_addr_7_reg_540|    8   |
| sbox_addr_8_reg_545|    8   |
| sbox_addr_9_reg_550|    8   |
|  sbox_addr_reg_505 |    8   |
+--------------------+--------+
|        Total       |   128  |
+--------------------+--------+

* Multiplexer (MUX) list: 
|-------------------|------|------|------|--------||---------||---------|
|        Comp       |  Pin | Size |  BW  | S x BW ||  Delay  ||   LUT   |
|-------------------|------|------|------|--------||---------||---------|
| grp_access_fu_143 |  p0  |   2  |   8  |   16   ||    9    |
| grp_access_fu_143 |  p2  |   2  |   0  |    0   ||    9    |
| grp_access_fu_143 |  p5  |   2  |   8  |   16   ||    9    |
| grp_access_fu_143 |  p8  |   2  |   8  |   16   ||    9    |
| grp_access_fu_143 |  p10 |   2  |   0  |    0   ||    9    |
| grp_access_fu_143 |  p13 |   2  |   8  |   16   ||    9    |
| grp_access_fu_143 |  p16 |   2  |   8  |   16   ||    9    |
| grp_access_fu_143 |  p18 |   2  |   0  |    0   ||    9    |
| grp_access_fu_143 |  p21 |   2  |   8  |   16   ||    9    |
| grp_access_fu_143 |  p24 |   2  |   8  |   16   ||    9    |
| grp_access_fu_143 |  p26 |   2  |   0  |    0   ||    9    |
| grp_access_fu_143 |  p29 |   2  |   8  |   16   ||    9    |
| grp_access_fu_143 |  p32 |   2  |   8  |   16   ||    9    |
| grp_access_fu_143 |  p34 |   2  |   0  |    0   ||    9    |
| grp_access_fu_143 |  p37 |   2  |   8  |   16   ||    9    |
| grp_access_fu_143 |  p40 |   2  |   8  |   16   ||    9    |
|-------------------|------|------|------|--------||---------||---------|
|       Total       |      |      |      |   176  ||  22.288 ||   144   |
|-------------------|------|------|------|--------||---------||---------|



* Summary:
+-----------+--------+--------+--------+
|           |  Delay |   FF   |   LUT  |
+-----------+--------+--------+--------+
|  Function |    -   |    -   |    -   |
|   Memory  |    -   |    -   |    -   |
|Multiplexer|   22   |    -   |   144  |
|  Register |    -   |   128  |    -   |
+-----------+--------+--------+--------+
|   Total   |   22   |   128  |   144  |
+-----------+--------+--------+--------+
