

================================================================
== Vivado HLS Report for 'aes16_bidir'
================================================================
* Date:           Sat Jan 23 11:19:25 2021

* Version:        2019.1 (Build 2552052 on Fri May 24 15:28:33 MDT 2019)
* Project:        aes_hls_prj
* Solution:       sol2
* Product family: spartan7
* Target device:  xc7s15-ftgb196-2


================================================================
== Performance Estimates
================================================================
+ Timing (ns): 
    * Summary: 
    +--------+--------+----------+------------+
    |  Clock | Target | Estimated| Uncertainty|
    +--------+--------+----------+------------+
    |ap_clk  |  100.00|     9.778|       12.50|
    +--------+--------+----------+------------+

+ Latency (clock cycles): 
    * Summary: 
    +-----+-----+-----+-----+----------+
    |  Latency  |  Interval | Pipeline |
    | min | max | min | max |   Type   |
    +-----+-----+-----+-----+----------+
    |  203|  203|  204|  204| function |
    +-----+-----+-----+-----+----------+

    + Detail: 
        * Instance: 
        +---------------------------------+----------------------+-----+-----+-----+-----+----------+
        |                                 |                      |  Latency  |  Interval | Pipeline |
        |             Instance            |        Module        | min | max | min | max |   Type   |
        +---------------------------------+----------------------+-----+-----+-----+-----+----------+
        |grp_KeyExpansion_fu_373          |KeyExpansion          |   87|   87|   88|   88| function |
        |grp_AES_CTR_xcrypt_buffe_fu_397  |AES_CTR_xcrypt_buffe  |  106|  106|   99|   99| function |
        +---------------------------------+----------------------+-----+-----+-----+-----+----------+

        * Loop: 
        N/A



================================================================
== Utilization Estimates
================================================================
* Summary: 
+-----------------+---------+-------+-------+------+-----+
|       Name      | BRAM_18K| DSP48E|   FF  |  LUT | URAM|
+-----------------+---------+-------+-------+------+-----+
|DSP              |        -|      -|      -|     -|    -|
|Expression       |        -|      -|      -|     -|    -|
|FIFO             |        -|      -|      -|     -|    -|
|Instance         |        9|      -|   2479|  7156|    -|
|Memory           |        2|      -|      0|     0|    0|
|Multiplexer      |        -|      -|      -|  1295|    -|
|Register         |        -|      -|    381|     -|    -|
+-----------------+---------+-------+-------+------+-----+
|Total            |       11|      0|   2860|  8451|    0|
+-----------------+---------+-------+-------+------+-----+
|Available        |       20|     20|  16000|  8000|    0|
+-----------------+---------+-------+-------+------+-----+
|Utilization (%)  |       55|      0|     17|   105|    0|
+-----------------+---------+-------+-------+------+-----+

+ Detail: 
    * Instance: 
    +---------------------------------+----------------------+---------+-------+------+------+-----+
    |             Instance            |        Module        | BRAM_18K| DSP48E|  FF  |  LUT | URAM|
    +---------------------------------+----------------------+---------+-------+------+------+-----+
    |grp_AES_CTR_xcrypt_buffe_fu_397  |AES_CTR_xcrypt_buffe  |        8|      0|   975|  3669|    0|
    |grp_KeyExpansion_fu_373          |KeyExpansion          |        1|      0|  1504|  3487|    0|
    +---------------------------------+----------------------+---------+-------+------+------+-----+
    |Total                            |                      |        9|      0|  2479|  7156|    0|
    +---------------------------------+----------------------+---------+-------+------+------+-----+

    * DSP48E: 
    N/A

    * Memory: 
    +----------------+--------------------------+---------+---+----+-----+------+-----+------+-------------+
    |     Memory     |          Module          | BRAM_18K| FF| LUT| URAM| Words| Bits| Banks| W*Bits*Banks|
    +----------------+--------------------------+---------+---+----+-----+------+-----+------+-------------+
    |ctx_Iv_U        |aes16_bidir_ctx_Iv        |        1|  0|   0|    0|    16|    8|     1|          128|
    |ctx_RoundKey_U  |aes16_bidir_ctx_RoundKey  |        1|  0|   0|    0|   176|    8|     1|         1408|
    +----------------+--------------------------+---------+---+----+-----+------+-----+------+-------------+
    |Total           |                          |        2|  0|   0|    0|   192|   16|     2|         1536|
    +----------------+--------------------------+---------+---+----+-----+------+-----+------+-------------+

    * FIFO: 
    N/A

    * Expression: 
    N/A

    * Multiplexer: 
    +-----------------------+-----+-----------+-----+-----------+
    |          Name         | LUT | Input Size| Bits| Total Bits|
    +-----------------------+-----+-----------+-----+-----------+
    |ap_NS_fsm              |  885|        205|    1|        205|
    |ctx_Iv_address0        |   89|         18|    4|         72|
    |ctx_Iv_address1        |   89|         18|    4|         72|
    |ctx_Iv_ce0             |   15|          3|    1|          3|
    |ctx_Iv_ce1             |   15|          3|    1|          3|
    |ctx_Iv_d0              |   47|         10|    8|         80|
    |ctx_Iv_d1              |   47|         10|    8|         80|
    |ctx_Iv_we0             |   15|          3|    1|          3|
    |ctx_Iv_we1             |   15|          3|    1|          3|
    |ctx_RoundKey_address0  |   15|          3|    8|         24|
    |ctx_RoundKey_address1  |   15|          3|    8|         24|
    |ctx_RoundKey_ce0       |   15|          3|    1|          3|
    |ctx_RoundKey_ce1       |   15|          3|    1|          3|
    |ctx_RoundKey_we0       |    9|          2|    1|          2|
    |ctx_RoundKey_we1       |    9|          2|    1|          2|
    +-----------------------+-----+-----------+-----+-----------+
    |Total                  | 1295|        289|   49|        579|
    +-----------------------+-----+-----------+-----+-----------+

    * Register: 
    +----------------------------------------------+-----+----+-----+-----------+
    |                     Name                     |  FF | LUT| Bits| Const Bits|
    +----------------------------------------------+-----+----+-----+-----------+
    |ap_CS_fsm                                     |  204|   0|  204|          0|
    |ctx_Iv_load_10_reg_1338                       |    8|   0|    8|          0|
    |ctx_Iv_load_11_reg_1343                       |    8|   0|    8|          0|
    |ctx_Iv_load_12_reg_1348                       |    8|   0|    8|          0|
    |ctx_Iv_load_13_reg_1353                       |    8|   0|    8|          0|
    |ctx_Iv_load_1_reg_1293                        |    8|   0|    8|          0|
    |ctx_Iv_load_2_reg_1298                        |    8|   0|    8|          0|
    |ctx_Iv_load_3_reg_1303                        |    8|   0|    8|          0|
    |ctx_Iv_load_4_reg_1308                        |    8|   0|    8|          0|
    |ctx_Iv_load_5_reg_1313                        |    8|   0|    8|          0|
    |ctx_Iv_load_6_reg_1318                        |    8|   0|    8|          0|
    |ctx_Iv_load_7_reg_1323                        |    8|   0|    8|          0|
    |ctx_Iv_load_8_reg_1328                        |    8|   0|    8|          0|
    |ctx_Iv_load_9_reg_1333                        |    8|   0|    8|          0|
    |ctx_Iv_load_reg_1288                          |    8|   0|    8|          0|
    |grp_AES_CTR_xcrypt_buffe_fu_397_ap_start_reg  |    1|   0|    1|          0|
    |p_iv_10_reg_1148                              |    8|   0|    8|          0|
    |p_iv_11_reg_1153                              |    8|   0|    8|          0|
    |p_iv_14_reg_1178                              |    8|   0|    8|          0|
    |p_iv_15_reg_1183                              |    8|   0|    8|          0|
    |p_iv_2_reg_1028                               |    8|   0|    8|          0|
    |p_iv_3_reg_1038                               |    8|   0|    8|          0|
    |p_iv_6_reg_1118                               |    8|   0|    8|          0|
    |p_iv_7_reg_1123                               |    8|   0|    8|          0|
    +----------------------------------------------+-----+----+-----+-----------+
    |Total                                         |  381|   0|  381|          0|
    +----------------------------------------------+-----+----+-----+-----------+



================================================================
== Interface
================================================================
* Summary: 
+------------------+-----+-----+------------+--------------+--------------+
|     RTL Ports    | Dir | Bits|  Protocol  | Source Object|    C Type    |
+------------------+-----+-----+------------+--------------+--------------+
|ap_clk            |  in |    1| ap_ctrl_hs |  aes16_bidir | return value |
|ap_rst            |  in |    1| ap_ctrl_hs |  aes16_bidir | return value |
|ap_start          |  in |    1| ap_ctrl_hs |  aes16_bidir | return value |
|ap_done           | out |    1| ap_ctrl_hs |  aes16_bidir | return value |
|ap_idle           | out |    1| ap_ctrl_hs |  aes16_bidir | return value |
|ap_ready          | out |    1| ap_ctrl_hs |  aes16_bidir | return value |
|key_0             |  in |   32|   ap_none  |     key_0    |    pointer   |
|key_1             |  in |   32|   ap_none  |     key_1    |    pointer   |
|key_2             |  in |   32|   ap_none  |     key_2    |    pointer   |
|key_3             |  in |   32|   ap_none  |     key_3    |    pointer   |
|inout_0_i         |  in |   32|   ap_ovld  |    inout_0   |    pointer   |
|inout_0_o         | out |   32|   ap_ovld  |    inout_0   |    pointer   |
|inout_0_o_ap_vld  | out |    1|   ap_ovld  |    inout_0   |    pointer   |
|inout_1_i         |  in |   32|   ap_ovld  |    inout_1   |    pointer   |
|inout_1_o         | out |   32|   ap_ovld  |    inout_1   |    pointer   |
|inout_1_o_ap_vld  | out |    1|   ap_ovld  |    inout_1   |    pointer   |
|inout_2_i         |  in |   32|   ap_ovld  |    inout_2   |    pointer   |
|inout_2_o         | out |   32|   ap_ovld  |    inout_2   |    pointer   |
|inout_2_o_ap_vld  | out |    1|   ap_ovld  |    inout_2   |    pointer   |
|inout_3_i         |  in |   32|   ap_ovld  |    inout_3   |    pointer   |
|inout_3_o         | out |   32|   ap_ovld  |    inout_3   |    pointer   |
|inout_3_o_ap_vld  | out |    1|   ap_ovld  |    inout_3   |    pointer   |
|iv_0_i            |  in |   32|   ap_ovld  |     iv_0     |    pointer   |
|iv_0_o            | out |   32|   ap_ovld  |     iv_0     |    pointer   |
|iv_0_o_ap_vld     | out |    1|   ap_ovld  |     iv_0     |    pointer   |
|iv_1_i            |  in |   32|   ap_ovld  |     iv_1     |    pointer   |
|iv_1_o            | out |   32|   ap_ovld  |     iv_1     |    pointer   |
|iv_1_o_ap_vld     | out |    1|   ap_ovld  |     iv_1     |    pointer   |
|iv_2_i            |  in |   32|   ap_ovld  |     iv_2     |    pointer   |
|iv_2_o            | out |   32|   ap_ovld  |     iv_2     |    pointer   |
|iv_2_o_ap_vld     | out |    1|   ap_ovld  |     iv_2     |    pointer   |
|iv_3_i            |  in |   32|   ap_ovld  |     iv_3     |    pointer   |
|iv_3_o            | out |   32|   ap_ovld  |     iv_3     |    pointer   |
|iv_3_o_ap_vld     | out |    1|   ap_ovld  |     iv_3     |    pointer   |
+------------------+-----+-----+------------+--------------+--------------+

