INFO: [SIM 2] *************** CSIM start ***************
INFO: [SIM 4] CSIM will launch GCC as the compiler.
   Compiling(apcc) ../../../../fir_test.c in debug mode
INFO: [HLS 200-10] Running '/nfs/tools/xilinx/Vivado/2019.1/bin/unwrapped/lnx64.o/apcc'
INFO: [HLS 200-10] For user 'ge46bod' on host 'prakt28.regent.e-technik.tu-muenchen.de' (Linux_x86_64 version 4.15.0-128-generic) on Sun Dec 13 22:45:42 CET 2020
INFO: [HLS 200-10] On os Ubuntu 18.04.5 LTS
INFO: [HLS 200-10] In directory '/nas/ei/share/TUEIEDA/LabSDS/WS20/ge46bod/Introduction/lab1/fir-prj/solution1/csim/build'
INFO: [APCC 202-3] Tmp directory is /tmp/apcc_db_ge46bod/113801607895942950788
INFO: [APCC 202-1] APCC is done.
   Compiling(apcc) ../../../../fir.c in debug mode
INFO: [HLS 200-10] Running '/nfs/tools/xilinx/Vivado/2019.1/bin/unwrapped/lnx64.o/apcc'
INFO: [HLS 200-10] For user 'ge46bod' on host 'prakt28.regent.e-technik.tu-muenchen.de' (Linux_x86_64 version 4.15.0-128-generic) on Sun Dec 13 22:45:56 CET 2020
INFO: [HLS 200-10] On os Ubuntu 18.04.5 LTS
INFO: [HLS 200-10] In directory '/nas/ei/share/TUEIEDA/LabSDS/WS20/ge46bod/Introduction/lab1/fir-prj/solution1/csim/build'
INFO: [APCC 202-3] Tmp directory is /tmp/apcc_db_ge46bod/115781607895956999172
INFO: [APCC 202-1] APCC is done.
   Generating csim.exe
Comparing against output data 
*******************************************
PASS: The output matches the golden output!
*******************************************
INFO: [SIM 1] CSim done with 0 errors.
INFO: [SIM 3] *************** CSIM finish ***************
