==============================================================
Vivado(TM) HLS - High-Level Synthesis from C, C++ and SystemC v2019.1 (64-bit)
Copyright 1986-2019 Xilinx, Inc. All Rights Reserved.
==============================================================
INFO: [SYN 201-201] Setting up clock 'default' with a period of 8ns.
INFO: [HLS 200-10] Setting target device to 'xcvu9p-flgb2104-1-e'
INFO: [SCHED 204-61] Option 'relax_ii_for_timing' is enabled, will increase II to preserve clock frequency constraints.
INFO: [HLS 200-10] Analyzing design file 'dct.cpp' ... 
INFO: [HLS 200-111] Finished Linking Time (s): cpu = 00:00:07 ; elapsed = 00:00:09 . Memory (MB): peak = 909.203 ; gain = 194.969 ; free physical = 198 ; free virtual = 4492
INFO: [HLS 200-111] Finished Checking Pragmas Time (s): cpu = 00:00:07 ; elapsed = 00:00:09 . Memory (MB): peak = 909.203 ; gain = 194.969 ; free physical = 198 ; free virtual = 4492
INFO: [HLS 200-10] Starting code transformations ...
INFO: [XFORM 203-603] Inlining function 'dct_2d' into 'dct' (dct.cpp:130).
INFO: [HLS 200-111] Finished Standard Transforms Time (s): cpu = 00:00:08 ; elapsed = 00:00:10 . Memory (MB): peak = 909.203 ; gain = 194.969 ; free physical = 193 ; free virtual = 4488
INFO: [HLS 200-10] Checking synthesizability ...
INFO: [HLS 200-111] Finished Checking Synthesizability Time (s): cpu = 00:00:08 ; elapsed = 00:00:10 . Memory (MB): peak = 909.203 ; gain = 194.969 ; free physical = 191 ; free virtual = 4486
INFO: [XFORM 203-502] Unrolling all sub-loops inside loop 'DCT_Outer_Loop' (dct.cpp:55) in function 'dct_1d' for pipelining.
INFO: [HLS 200-489] Unrolling loop 'DCT_Inner_Loop' (dct.cpp:59) in function 'dct_1d' completely with a factor of 8.
INFO: [XFORM 203-102] Partitioning array 'dct_coeff_table' in dimension 2 automatically.
INFO: [XFORM 203-101] Partitioning array 'buf_2d_in' (dct.cpp:124) in dimension 2 completely.
INFO: [XFORM 203-101] Partitioning array 'col_inbuf' (dct.cpp:71) in dimension 2 completely.
INFO: [XFORM 203-721] Changing loop 'Loop_Row_DCT_Loop_proc' (dct.cpp:76) to a process function for dataflow in function 'dct'.
INFO: [XFORM 203-721] Changing loop 'Loop_Xpose_Row_Outer_Loop_proc' (dct.cpp:82) to a process function for dataflow in function 'dct'.
INFO: [XFORM 203-721] Changing loop 'Loop_Col_DCT_Loop_proc' (dct.cpp:87) to a process function for dataflow in function 'dct'.
INFO: [XFORM 203-721] Changing loop 'Loop_Xpose_Col_Outer_Loop_proc' (dct.cpp:93) to a process function for dataflow in function 'dct'.
WARNING: [XFORM 203-713] All the elements of global array 'buf_2d_in[0]' should be updated in process function 'read_data', otherwise it may not be synthesized correctly.
WARNING: [XFORM 203-713] All the elements of global array 'buf_2d_in[1]' should be updated in process function 'read_data', otherwise it may not be synthesized correctly.
WARNING: [XFORM 203-713] All the elements of global array 'buf_2d_in[2]' should be updated in process function 'read_data', otherwise it may not be synthesized correctly.
WARNING: [XFORM 203-713] All the elements of global array 'buf_2d_in[3]' should be updated in process function 'read_data', otherwise it may not be synthesized correctly.
WARNING: [XFORM 203-713] All the elements of global array 'buf_2d_in[4]' should be updated in process function 'read_data', otherwise it may not be synthesized correctly.
WARNING: [XFORM 203-713] All the elements of global array 'buf_2d_in[5]' should be updated in process function 'read_data', otherwise it may not be synthesized correctly.
WARNING: [XFORM 203-713] All the elements of global array 'buf_2d_in[6]' should be updated in process function 'read_data', otherwise it may not be synthesized correctly.
WARNING: [XFORM 203-713] All the elements of global array 'buf_2d_in[7]' should be updated in process function 'read_data', otherwise it may not be synthesized correctly.
WARNING: [XFORM 203-713] All the elements of global array 'row_outbuf.i'  should be updated in process function 'Loop_Row_DCT_Loop_proc', otherwise it may not be synthesized correctly.
WARNING: [XFORM 203-713] All the elements of global array 'col_inbuf[0]' should be updated in process function 'Loop_Xpose_Row_Outer_Loop_proc', otherwise it may not be synthesized correctly.
WARNING: [XFORM 203-713] All the elements of global array 'col_inbuf[1]' should be updated in process function 'Loop_Xpose_Row_Outer_Loop_proc', otherwise it may not be synthesized correctly.
WARNING: [XFORM 203-713] All the elements of global array 'col_inbuf[2]' should be updated in process function 'Loop_Xpose_Row_Outer_Loop_proc', otherwise it may not be synthesized correctly.
WARNING: [XFORM 203-713] All the elements of global array 'col_inbuf[3]' should be updated in process function 'Loop_Xpose_Row_Outer_Loop_proc', otherwise it may not be synthesized correctly.
WARNING: [XFORM 203-713] All the elements of global array 'col_inbuf[4]' should be updated in process function 'Loop_Xpose_Row_Outer_Loop_proc', otherwise it may not be synthesized correctly.
WARNING: [XFORM 203-713] All the elements of global array 'col_inbuf[5]' should be updated in process function 'Loop_Xpose_Row_Outer_Loop_proc', otherwise it may not be synthesized correctly.
WARNING: [XFORM 203-713] All the elements of global array 'col_inbuf[6]' should be updated in process function 'Loop_Xpose_Row_Outer_Loop_proc', otherwise it may not be synthesized correctly.
WARNING: [XFORM 203-713] All the elements of global array 'col_inbuf[7]' should be updated in process function 'Loop_Xpose_Row_Outer_Loop_proc', otherwise it may not be synthesized correctly.
WARNING: [XFORM 203-713] All the elements of global array 'col_outbuf.i'  should be updated in process function 'Loop_Col_DCT_Loop_proc', otherwise it may not be synthesized correctly.
INFO: [XFORM 203-712] Applying dataflow to function 'dct', detected/extracted 6 process function(s): 
	 'read_data'
	 'Loop_Row_DCT_Loop_proc'
	 'Loop_Xpose_Row_Outer_Loop_proc'
	 'Loop_Col_DCT_Loop_proc'
	 'Loop_Xpose_Col_Outer_Loop_proc'
	 'write_data'.
INFO: [XFORM 203-602] Inlining function 'dct_1d' into 'Loop_Row_DCT_Loop_proc' (dct.cpp:77->dct.cpp:130) automatically.
INFO: [XFORM 203-602] Inlining function 'dct_1d' into 'Loop_Col_DCT_Loop_proc' (dct.cpp:88->dct.cpp:130) automatically.
INFO: [XFORM 203-11] Balancing expressions in function 'Loop_Row_DCT_Loop_proc' (dct.cpp:48:23)...8 expression(s) balanced.
INFO: [XFORM 203-11] Balancing expressions in function 'Loop_Col_DCT_Loop_proc' (dct.cpp:48:23)...8 expression(s) balanced.
INFO: [HLS 200-111] Finished Pre-synthesis Time (s): cpu = 00:00:09 ; elapsed = 00:00:11 . Memory (MB): peak = 909.203 ; gain = 194.969 ; free physical = 168 ; free virtual = 4464
INFO: [XFORM 203-541] Flattening a loop nest 'WR_Loop_Row' (dct.cpp:115:29) in function 'write_data'.
INFO: [XFORM 203-541] Flattening a loop nest 'RD_Loop_Row' (dct.cpp:103:29) in function 'read_data'.
INFO: [XFORM 203-541] Flattening a loop nest 'Xpose_Row_Outer_Loop' (dct.cpp:82:1) in function 'Loop_Xpose_Row_Outer_Loop_proc'.
INFO: [XFORM 203-541] Flattening a loop nest 'Xpose_Col_Outer_Loop' (dct.cpp:93:1) in function 'Loop_Xpose_Col_Outer_Loop_proc'.
WARNING: [XFORM 203-542] Cannot flatten a loop nest 'Row_DCT_Loop' (dct.cpp:76:28) in function 'Loop_Row_DCT_Loop_proc' : 

the outer loop is not a perfect loop.
WARNING: [XFORM 203-542] Cannot flatten a loop nest 'Col_DCT_Loop' (dct.cpp:87:29) in function 'Loop_Col_DCT_Loop_proc' : 

the outer loop is not a perfect loop.
WARNING: [XFORM 203-631] Renaming function 'Loop_Xpose_Row_Outer_Loop_proc' to 'Loop_Xpose_Row_Outer' (dct.cpp:81:9)
WARNING: [XFORM 203-631] Renaming function 'Loop_Xpose_Col_Outer_Loop_proc' to 'Loop_Xpose_Col_Outer' (dct.cpp:92:9)
WARNING: [XFORM 203-631] Renaming function 'Loop_Row_DCT_Loop_proc' to 'Loop_Row_DCT_Loop_pr' (dct.cpp:48:23)
WARNING: [XFORM 203-631] Renaming function 'Loop_Col_DCT_Loop_proc' to 'Loop_Col_DCT_Loop_pr' (dct.cpp:48:23)
INFO: [HLS 200-111] Finished Architecture Synthesis Time (s): cpu = 00:00:09 ; elapsed = 00:00:11 . Memory (MB): peak = 909.203 ; gain = 194.969 ; free physical = 123 ; free virtual = 4419
INFO: [HLS 200-10] Starting hardware synthesis ...
INFO: [HLS 200-10] Synthesizing 'dct' ...
WARNING: [SYN 201-107] Renaming port name 'dct/input' to 'dct/input_r' to avoid the conflict with HDL keywords or other object names.
WARNING: [SYN 201-107] Renaming port name 'dct/output' to 'dct/output_r' to avoid the conflict with HDL keywords or other object names.
INFO: [HLS 200-10] ----------------------------------------------------------------
INFO: [HLS 200-42] -- Implementing module 'read_data' 
INFO: [HLS 200-10] ----------------------------------------------------------------
INFO: [SCHED 204-11] Starting scheduling ...
INFO: [SCHED 204-61] Pipelining loop 'RD_Loop_Row_RD_Loop_Col'.
INFO: [SCHED 204-61] Pipelining result : Target II = 1, Final II = 1, Depth = 2.
INFO: [SCHED 204-11] Finished scheduling.
INFO: [HLS 200-111]  Elapsed time: 11.27 seconds; current allocated memory: 173.312 MB.
INFO: [BIND 205-100] Starting micro-architecture generation ...
INFO: [BIND 205-101] Performing variable lifetime analysis.
INFO: [BIND 205-101] Exploring resource sharing.
INFO: [BIND 205-101] Binding ...
INFO: [BIND 205-100] Finished micro-architecture generation.
INFO: [HLS 200-111]  Elapsed time: 0.32 seconds; current allocated memory: 173.589 MB.
INFO: [HLS 200-10] ----------------------------------------------------------------
INFO: [HLS 200-42] -- Implementing module 'Loop_Row_DCT_Loop_pr' 
INFO: [HLS 200-10] ----------------------------------------------------------------
INFO: [SCHED 204-11] Starting scheduling ...
INFO: [SCHED 204-61] Pipelining loop 'DCT_Outer_Loop'.
INFO: [SCHED 204-61] Pipelining result : Target II = 1, Final II = 1, Depth = 3.
INFO: [SCHED 204-11] Finished scheduling.
INFO: [HLS 200-111]  Elapsed time: 0.2 seconds; current allocated memory: 174.003 MB.
INFO: [HLS 200-434] Only 1 loops out of a total 2 loops have been pipelined in this design.
INFO: [BIND 205-100] Starting micro-architecture generation ...
INFO: [BIND 205-101] Performing variable lifetime analysis.
INFO: [BIND 205-101] Exploring resource sharing.
INFO: [BIND 205-101] Binding ...
INFO: [BIND 205-100] Finished micro-architecture generation.
INFO: [HLS 200-111]  Elapsed time: 0.28 seconds; current allocated memory: 174.378 MB.
INFO: [HLS 200-10] ----------------------------------------------------------------
INFO: [HLS 200-42] -- Implementing module 'Loop_Xpose_Row_Outer' 
INFO: [HLS 200-10] ----------------------------------------------------------------
INFO: [SCHED 204-11] Starting scheduling ...
INFO: [SCHED 204-61] Pipelining loop 'Xpose_Row_Outer_Loop_Xpose_Row_Inner_Loop'.
INFO: [SCHED 204-61] Pipelining result : Target II = 1, Final II = 1, Depth = 2.
INFO: [SCHED 204-11] Finished scheduling.
INFO: [HLS 200-111]  Elapsed time: 0.13 seconds; current allocated memory: 174.569 MB.
INFO: [BIND 205-100] Starting micro-architecture generation ...
INFO: [BIND 205-101] Performing variable lifetime analysis.
INFO: [BIND 205-101] Exploring resource sharing.
INFO: [BIND 205-101] Binding ...
INFO: [BIND 205-100] Finished micro-architecture generation.
INFO: [HLS 200-111]  Elapsed time: 0.13 seconds; current allocated memory: 174.804 MB.
INFO: [HLS 200-10] ----------------------------------------------------------------
INFO: [HLS 200-42] -- Implementing module 'Loop_Col_DCT_Loop_pr' 
INFO: [HLS 200-10] ----------------------------------------------------------------
INFO: [SCHED 204-11] Starting scheduling ...
INFO: [SCHED 204-61] Pipelining loop 'DCT_Outer_Loop'.
INFO: [SCHED 204-61] Pipelining result : Target II = 1, Final II = 1, Depth = 3.
INFO: [SCHED 204-11] Finished scheduling.
INFO: [HLS 200-111]  Elapsed time: 0.28 seconds; current allocated memory: 175.115 MB.
INFO: [BIND 205-100] Starting micro-architecture generation ...
INFO: [BIND 205-101] Performing variable lifetime analysis.
INFO: [BIND 205-101] Exploring resource sharing.
INFO: [BIND 205-101] Binding ...
INFO: [BIND 205-100] Finished micro-architecture generation.
INFO: [HLS 200-111]  Elapsed time: 0.09 seconds; current allocated memory: 175.493 MB.
INFO: [HLS 200-10] ----------------------------------------------------------------
INFO: [HLS 200-42] -- Implementing module 'Loop_Xpose_Col_Outer' 
INFO: [HLS 200-10] ----------------------------------------------------------------
INFO: [SCHED 204-11] Starting scheduling ...
INFO: [SCHED 204-61] Pipelining loop 'Xpose_Col_Outer_Loop_Xpose_Col_Inner_Loop'.
INFO: [SCHED 204-61] Pipelining result : Target II = 1, Final II = 1, Depth = 2.
INFO: [SCHED 204-11] Finished scheduling.
INFO: [HLS 200-111]  Elapsed time: 0.16 seconds; current allocated memory: 175.647 MB.
INFO: [BIND 205-100] Starting micro-architecture generation ...
INFO: [BIND 205-101] Performing variable lifetime analysis.
INFO: [BIND 205-101] Exploring resource sharing.
INFO: [BIND 205-101] Binding ...
INFO: [BIND 205-100] Finished micro-architecture generation.
INFO: [HLS 200-111]  Elapsed time: 0.26 seconds; current allocated memory: 175.792 MB.
INFO: [HLS 200-10] ----------------------------------------------------------------
INFO: [HLS 200-42] -- Implementing module 'write_data' 
INFO: [HLS 200-10] ----------------------------------------------------------------
INFO: [SCHED 204-11] Starting scheduling ...
INFO: [SCHED 204-61] Pipelining loop 'WR_Loop_Row_WR_Loop_Col'.
INFO: [SCHED 204-61] Pipelining result : Target II = 1, Final II = 1, Depth = 2.
INFO: [SCHED 204-11] Finished scheduling.
INFO: [HLS 200-111]  Elapsed time: 0.12 seconds; current allocated memory: 175.935 MB.
INFO: [BIND 205-100] Starting micro-architecture generation ...
INFO: [BIND 205-101] Performing variable lifetime analysis.
INFO: [BIND 205-101] Exploring resource sharing.
INFO: [BIND 205-101] Binding ...
INFO: [BIND 205-100] Finished micro-architecture generation.
INFO: [HLS 200-111]  Elapsed time: 0.12 seconds; current allocated memory: 176.080 MB.
INFO: [HLS 200-10] ----------------------------------------------------------------
INFO: [HLS 200-42] -- Implementing module 'dct' 
INFO: [HLS 200-10] ----------------------------------------------------------------
INFO: [SCHED 204-11] Starting scheduling ...
INFO: [SCHED 204-11] Finished scheduling.
INFO: [HLS 200-111]  Elapsed time: 0.09 seconds; current allocated memory: 176.209 MB.
INFO: [BIND 205-100] Starting micro-architecture generation ...
INFO: [BIND 205-101] Performing variable lifetime analysis.
INFO: [BIND 205-101] Exploring resource sharing.
INFO: [BIND 205-101] Binding ...
INFO: [BIND 205-100] Finished micro-architecture generation.
INFO: [HLS 200-111]  Elapsed time: 0.24 seconds; current allocated memory: 176.403 MB.
INFO: [HLS 200-10] ----------------------------------------------------------------
INFO: [HLS 200-10] -- Generating RTL for module 'read_data' 
INFO: [HLS 200-10] ----------------------------------------------------------------
INFO: [RTGEN 206-100] Finished creating RTL model for 'read_data'.
INFO: [HLS 200-111]  Elapsed time: 0.27 seconds; current allocated memory: 176.905 MB.
INFO: [HLS 200-10] ----------------------------------------------------------------
INFO: [HLS 200-10] -- Generating RTL for module 'Loop_Row_DCT_Loop_pr' 
INFO: [HLS 200-10] ----------------------------------------------------------------
INFO: [RTGEN 206-100] Generating core module 'dct_mac_muladd_14ns_16s_29s_29_1_1': 1 instance(s).
INFO: [RTGEN 206-100] Generating core module 'dct_mac_muladd_15s_16s_14ns_29_1_1': 1 instance(s).
INFO: [RTGEN 206-100] Generating core module 'dct_mac_muladd_15s_16s_29s_29_1_1': 3 instance(s).
INFO: [RTGEN 206-100] Generating core module 'dct_mul_mul_15s_16s_29_1_1': 3 instance(s).
INFO: [RTGEN 206-100] Finished creating RTL model for 'Loop_Row_DCT_Loop_pr'.
INFO: [HLS 200-111]  Elapsed time: 0.21 seconds; current allocated memory: 178.647 MB.
INFO: [HLS 200-10] ----------------------------------------------------------------
INFO: [HLS 200-10] -- Generating RTL for module 'Loop_Xpose_Row_Outer' 
INFO: [HLS 200-10] ----------------------------------------------------------------
INFO: [RTGEN 206-100] Finished creating RTL model for 'Loop_Xpose_Row_Outer'.
INFO: [HLS 200-111]  Elapsed time: 0.4 seconds; current allocated memory: 180.578 MB.
INFO: [HLS 200-10] ----------------------------------------------------------------
INFO: [HLS 200-10] -- Generating RTL for module 'Loop_Col_DCT_Loop_pr' 
INFO: [HLS 200-10] ----------------------------------------------------------------
INFO: [RTGEN 206-100] Generating core module 'dct_mac_muladd_14ns_16s_29s_29_1_1': 1 instance(s).
INFO